<?xml version="1.0" encoding="UTF-8"?>
<coverage generated="1774497254449" clover="3.2.0">
  <project timestamp="1774497254449" name="All files">
    <metrics statements="672" coveredstatements="574" conditionals="515" coveredconditionals="379" methods="77" coveredmethods="69" elements="1264" coveredelements="1022" complexity="0" loc="672" ncloc="672" packages="6" files="16" classes="16"/>
    <package name="lib">
      <metrics statements="24" coveredstatements="9" conditionals="16" coveredconditionals="3" methods="2" coveredmethods="1"/>
      <file name="layer-detect.ts" path="/Users/allison.coleman/Develop/raycast-keyboard-layout/src/lib/layer-detect.ts">
        <metrics statements="24" coveredstatements="9" conditionals="16" coveredconditionals="3" methods="2" coveredmethods="1"/>
        <line num="16" count="0" type="cond" truecount="0" falsecount="2"/>
        <line num="27" count="0" type="stmt"/>
        <line num="29" count="0" type="stmt"/>
        <line num="30" count="0" type="cond" truecount="0" falsecount="2"/>
        <line num="32" count="0" type="stmt"/>
        <line num="33" count="0" type="stmt"/>
        <line num="34" count="0" type="stmt"/>
        <line num="37" count="0" type="stmt"/>
        <line num="39" count="0" type="cond" truecount="0" falsecount="2"/>
        <line num="41" count="0" type="stmt"/>
        <line num="42" count="0" type="cond" truecount="0" falsecount="2"/>
        <line num="43" count="0" type="stmt"/>
        <line num="47" count="0" type="cond" truecount="0" falsecount="4"/>
        <line num="55" count="0" type="stmt"/>
        <line num="59" count="0" type="stmt"/>
        <line num="75" count="7" type="stmt"/>
        <line num="76" count="7" type="stmt"/>
        <line num="77" count="7" type="cond" truecount="1" falsecount="1"/>
        <line num="79" count="7" type="stmt"/>
        <line num="80" count="16" type="stmt"/>
        <line num="81" count="16" type="stmt"/>
        <line num="82" count="16" type="cond" truecount="2" falsecount="0"/>
        <line num="83" count="6" type="stmt"/>
        <line num="91" count="7" type="stmt"/>
      </file>
    </package>
    <package name="lib.firmware">
      <metrics statements="2" coveredstatements="2" conditionals="2" coveredconditionals="1" methods="1" coveredmethods="1"/>
      <file name="config.ts" path="/Users/allison.coleman/Develop/raycast-keyboard-layout/src/lib/firmware/config.ts">
        <metrics statements="2" coveredstatements="2" conditionals="2" coveredconditionals="1" methods="1" coveredmethods="1"/>
        <line num="38" count="1" type="stmt"/>
        <line num="103" count="11" type="cond" truecount="1" falsecount="1"/>
      </file>
    </package>
    <package name="lib.keymap">
      <metrics statements="238" coveredstatements="201" conditionals="195" coveredconditionals="130" methods="19" coveredmethods="19"/>
      <file name="keycodes-data.ts" path="/Users/allison.coleman/Develop/raycast-keyboard-layout/src/lib/keymap/keycodes-data.ts">
        <metrics statements="3" coveredstatements="3" conditionals="0" coveredconditionals="0" methods="1" coveredmethods="1"/>
        <line num="7" count="6" type="stmt"/>
        <line num="279" count="6" type="stmt"/>
        <line num="280" count="1296" type="stmt"/>
      </file>
      <file name="keycodes.ts" path="/Users/allison.coleman/Develop/raycast-keyboard-layout/src/lib/keymap/keycodes.ts">
        <metrics statements="130" coveredstatements="112" conditionals="107" coveredconditionals="71" methods="5" coveredmethods="5"/>
        <line num="9" count="6" type="stmt"/>
        <line num="12" count="6" type="stmt"/>
        <line num="14" count="6" type="stmt"/>
        <line num="15" count="1296" type="stmt"/>
        <line num="16" count="1296" type="stmt"/>
        <line num="17" count="1296" type="stmt"/>
        <line num="18" count="1296" type="stmt"/>
        <line num="19" count="1296" type="stmt"/>
        <line num="20" count="1572" type="stmt"/>
        <line num="27" count="6" type="stmt"/>
        <line num="30" count="6" type="stmt"/>
        <line num="33" count="6" type="stmt"/>
        <line num="36" count="6" type="stmt"/>
        <line num="39" count="6" type="stmt"/>
        <line num="42" count="6" type="stmt"/>
        <line num="45" count="6" type="stmt"/>
        <line num="48" count="6" type="stmt"/>
        <line num="51" count="6" type="stmt"/>
        <line num="54" count="6" type="stmt"/>
        <line num="57" count="6" type="stmt"/>
        <line num="75" count="6" type="stmt"/>
        <line num="97" count="110" type="stmt"/>
        <line num="102" count="12" type="cond" truecount="2" falsecount="0"/>
        <line num="103" count="10" type="stmt"/>
        <line num="106" count="10" type="stmt"/>
        <line num="107" count="10" type="cond" truecount="2" falsecount="0"/>
        <line num="110" count="2" type="stmt"/>
        <line num="111" count="432" type="cond" truecount="2" falsecount="0"/>
        <line num="112" count="430" type="cond" truecount="1" falsecount="1"/>
        <line num="113" count="521" type="stmt"/>
        <line num="119" count="133" type="stmt"/>
        <line num="122" count="133" type="cond" truecount="2" falsecount="0"/>
        <line num="127" count="5" type="stmt"/>
        <line num="131" count="128" type="cond" truecount="4" falsecount="0"/>
        <line num="132" count="4" type="stmt"/>
        <line num="136" count="124" type="stmt"/>
        <line num="137" count="124" type="cond" truecount="2" falsecount="0"/>
        <line num="138" count="2" type="stmt"/>
        <line num="139" count="2" type="stmt"/>
        <line num="140" count="2" type="stmt"/>
        <line num="149" count="122" type="stmt"/>
        <line num="150" count="122" type="cond" truecount="2" falsecount="0"/>
        <line num="151" count="2" type="cond" truecount="4" falsecount="0"/>
        <line num="153" count="1" type="cond" truecount="1" falsecount="1"/>
        <line num="154" count="1" type="stmt"/>
        <line num="155" count="1" type="stmt"/>
        <line num="162" count="1" type="cond" truecount="3" falsecount="1"/>
        <line num="164" count="1" type="cond" truecount="1" falsecount="1"/>
        <line num="165" count="1" type="stmt"/>
        <line num="166" count="1" type="stmt"/>
        <line num="176" count="120" type="stmt"/>
        <line num="177" count="120" type="cond" truecount="2" falsecount="0"/>
        <line num="178" count="9" type="stmt"/>
        <line num="187" count="111" type="stmt"/>
        <line num="188" count="111" type="cond" truecount="2" falsecount="0"/>
        <line num="189" count="1" type="stmt"/>
        <line num="193" count="110" type="stmt"/>
        <line num="194" count="110" type="cond" truecount="2" falsecount="0"/>
        <line num="195" count="1" type="stmt"/>
        <line num="199" count="109" type="stmt"/>
        <line num="200" count="109" type="cond" truecount="2" falsecount="0"/>
        <line num="201" count="1" type="stmt"/>
        <line num="205" count="108" type="stmt"/>
        <line num="206" count="108" type="cond" truecount="1" falsecount="1"/>
        <line num="207" count="0" type="stmt"/>
        <line num="211" count="108" type="stmt"/>
        <line num="212" count="108" type="cond" truecount="2" falsecount="0"/>
        <line num="213" count="1" type="stmt"/>
        <line num="222" count="107" type="stmt"/>
        <line num="223" count="107" type="cond" truecount="1" falsecount="1"/>
        <line num="224" count="0" type="stmt"/>
        <line num="228" count="107" type="stmt"/>
        <line num="229" count="107" type="cond" truecount="1" falsecount="1"/>
        <line num="230" count="0" type="stmt"/>
        <line num="231" count="0" type="stmt"/>
        <line num="238" count="107" type="cond" truecount="1" falsecount="1"/>
        <line num="239" count="107" type="stmt"/>
        <line num="242" count="107" type="stmt"/>
        <line num="243" count="107" type="cond" truecount="2" falsecount="0"/>
        <line num="244" count="1" type="stmt"/>
        <line num="248" count="106" type="stmt"/>
        <line num="249" count="106" type="cond" truecount="1" falsecount="1"/>
        <line num="250" count="0" type="stmt"/>
        <line num="254" count="106" type="stmt"/>
        <line num="255" count="106" type="cond" truecount="1" falsecount="1"/>
        <line num="256" count="0" type="stmt"/>
        <line num="265" count="106" type="stmt"/>
        <line num="266" count="106" type="cond" truecount="2" falsecount="0"/>
        <line num="267" count="1" type="stmt"/>
        <line num="271" count="105" type="stmt"/>
        <line num="272" count="105" type="cond" truecount="1" falsecount="1"/>
        <line num="273" count="0" type="stmt"/>
        <line num="277" count="105" type="stmt"/>
        <line num="278" count="105" type="cond" truecount="1" falsecount="1"/>
        <line num="286" count="0" type="stmt"/>
        <line num="287" count="0" type="stmt"/>
        <line num="288" count="0" type="cond" truecount="0" falsecount="2"/>
        <line num="289" count="0" type="stmt"/>
        <line num="299" count="105" type="stmt"/>
        <line num="300" count="105" type="cond" truecount="1" falsecount="1"/>
        <line num="301" count="0" type="cond" truecount="0" falsecount="2"/>
        <line num="302" count="0" type="stmt"/>
        <line num="306" count="105" type="stmt"/>
        <line num="307" count="105" type="cond" truecount="1" falsecount="1"/>
        <line num="309" count="0" type="cond" truecount="0" falsecount="2"/>
        <line num="310" count="0" type="stmt"/>
        <line num="311" count="0" type="stmt"/>
        <line num="320" count="105" type="stmt"/>
        <line num="321" count="105" type="cond" truecount="2" falsecount="0"/>
        <line num="322" count="1" type="stmt"/>
        <line num="335" count="1" type="stmt"/>
        <line num="343" count="104" type="cond" truecount="2" falsecount="0"/>
        <line num="344" count="104" type="stmt"/>
        <line num="345" count="103" type="cond" truecount="1" falsecount="1"/>
        <line num="346" count="103" type="stmt"/>
        <line num="347" count="103" type="cond" truecount="2" falsecount="0"/>
        <line num="348" count="103" type="stmt"/>
        <line num="349" count="102" type="cond" truecount="2" falsecount="0"/>
        <line num="350" count="102" type="stmt"/>
        <line num="353" count="101" type="stmt"/>
        <line num="354" count="101" type="cond" truecount="2" falsecount="0"/>
        <line num="355" count="100" type="stmt"/>
        <line num="359" count="1" type="stmt"/>
        <line num="360" count="1" type="cond" truecount="1" falsecount="1"/>
        <line num="361" count="0" type="stmt"/>
        <line num="365" count="1" type="stmt"/>
        <line num="366" count="1" type="stmt"/>
        <line num="367" count="1" type="cond" truecount="1" falsecount="1"/>
        <line num="368" count="0" type="stmt"/>
        <line num="372" count="1" type="stmt"/>
      </file>
      <file name="layer-resolver.ts" path="/Users/allison.coleman/Develop/raycast-keyboard-layout/src/lib/keymap/layer-resolver.ts">
        <metrics statements="7" coveredstatements="6" conditionals="7" coveredconditionals="6" methods="1" coveredmethods="1"/>
        <line num="17" count="8" type="stmt"/>
        <line num="18" count="13" type="stmt"/>
        <line num="19" count="13" type="cond" truecount="1" falsecount="1"/>
        <line num="22" count="13" type="cond" truecount="3" falsecount="0"/>
        <line num="24" count="13" type="cond" truecount="2" falsecount="0"/>
        <line num="25" count="8" type="stmt"/>
        <line num="30" count="0" type="stmt"/>
      </file>
      <file name="parser.ts" path="/Users/allison.coleman/Develop/raycast-keyboard-layout/src/lib/keymap/parser.ts">
        <metrics statements="39" coveredstatements="36" conditionals="36" coveredconditionals="30" methods="5" coveredmethods="5"/>
        <line num="5" count="1" type="stmt"/>
        <line num="19" count="6" type="cond" truecount="2" falsecount="0"/>
        <line num="22" count="3" type="stmt"/>
        <line num="24" count="9" type="cond" truecount="4" falsecount="0"/>
        <line num="29" count="3" type="stmt"/>
        <line num="31" count="3" type="stmt"/>
        <line num="32" count="9" type="stmt"/>
        <line num="33" count="54" type="cond" truecount="2" falsecount="0"/>
        <line num="34" count="9" type="cond" truecount="2" falsecount="0"/>
        <line num="40" count="3" type="stmt"/>
        <line num="41" count="3" type="stmt"/>
        <line num="42" count="3" type="stmt"/>
        <line num="43" count="3" type="cond" truecount="1" falsecount="1"/>
        <line num="44" count="3" type="stmt"/>
        <line num="45" count="3" type="stmt"/>
        <line num="49" count="3" type="cond" truecount="1" falsecount="1"/>
        <line num="55" count="5" type="stmt"/>
        <line num="56" count="5" type="stmt"/>
        <line num="58" count="1" type="stmt"/>
        <line num="61" count="4" type="cond" truecount="3" falsecount="1"/>
        <line num="62" count="0" type="stmt"/>
        <line num="65" count="4" type="stmt"/>
        <line num="67" count="4" type="cond" truecount="4" falsecount="0"/>
        <line num="68" count="1" type="stmt"/>
        <line num="70" count="3" type="cond" truecount="4" falsecount="0"/>
        <line num="71" count="1" type="stmt"/>
        <line num="73" count="2" type="cond" truecount="4" falsecount="0"/>
        <line num="74" count="1" type="stmt"/>
        <line num="78" count="1" type="stmt"/>
        <line num="79" count="2" type="stmt"/>
        <line num="80" count="2" type="cond" truecount="1" falsecount="1"/>
        <line num="81" count="0" type="stmt"/>
        <line num="83" count="2" type="stmt"/>
        <line num="84" count="6" type="cond" truecount="1" falsecount="1"/>
        <line num="85" count="0" type="stmt"/>
        <line num="90" count="1" type="stmt"/>
        <line num="104" count="3" type="stmt"/>
        <line num="106" count="6" type="stmt"/>
        <line num="112" count="3" type="stmt"/>
      </file>
      <file name="zmk-parser.ts" path="/Users/allison.coleman/Develop/raycast-keyboard-layout/src/lib/keymap/zmk-parser.ts">
        <metrics statements="59" coveredstatements="44" conditionals="45" coveredconditionals="23" methods="7" coveredmethods="7"/>
        <line num="18" count="68" type="stmt"/>
        <line num="20" count="68" type="cond" truecount="1" falsecount="1"/>
        <line num="21" count="68" type="cond" truecount="2" falsecount="0"/>
        <line num="24" count="51" type="stmt"/>
        <line num="25" count="51" type="cond" truecount="2" falsecount="0"/>
        <line num="28" count="1" type="stmt"/>
        <line num="29" count="1" type="cond" truecount="1" falsecount="1"/>
        <line num="30" count="0" type="cond" truecount="0" falsecount="2"/>
        <line num="31" count="0" type="stmt"/>
        <line num="35" count="1" type="stmt"/>
        <line num="36" count="1" type="cond" truecount="1" falsecount="1"/>
        <line num="39" count="1" type="stmt"/>
        <line num="40" count="1" type="cond" truecount="1" falsecount="1"/>
        <line num="42" count="0" type="stmt"/>
        <line num="43" count="0" type="cond" truecount="0" falsecount="2"/>
        <line num="45" count="0" type="stmt"/>
        <line num="46" count="0" type="cond" truecount="0" falsecount="2"/>
        <line num="48" count="0" type="stmt"/>
        <line num="49" count="0" type="cond" truecount="0" falsecount="2"/>
        <line num="52" count="0" type="stmt"/>
        <line num="53" count="0" type="cond" truecount="0" falsecount="2"/>
        <line num="54" count="0" type="cond" truecount="0" falsecount="2"/>
        <line num="55" count="0" type="stmt"/>
        <line num="59" count="0" type="cond" truecount="0" falsecount="2"/>
        <line num="60" count="0" type="cond" truecount="0" falsecount="4"/>
        <line num="63" count="0" type="stmt"/>
        <line num="68" count="5" type="stmt"/>
        <line num="77" count="6" type="stmt"/>
        <line num="78" count="6" type="stmt"/>
        <line num="79" count="6" type="cond" truecount="2" falsecount="0"/>
        <line num="81" count="4" type="stmt"/>
        <line num="87" count="3" type="cond" truecount="2" falsecount="0"/>
        <line num="88" count="2" type="cond" truecount="2" falsecount="0"/>
        <line num="89" count="1" type="stmt"/>
        <line num="99" count="7" type="stmt"/>
        <line num="100" count="7" type="stmt"/>
        <line num="103" count="7" type="stmt"/>
        <line num="108" count="7" type="stmt"/>
        <line num="111" count="7" type="cond" truecount="2" falsecount="0"/>
        <line num="112" count="1" type="stmt"/>
        <line num="117" count="6" type="stmt"/>
        <line num="120" count="6" type="stmt"/>
        <line num="121" count="6" type="stmt"/>
        <line num="124" count="6" type="stmt"/>
        <line num="125" count="10" type="stmt"/>
        <line num="126" count="10" type="stmt"/>
        <line num="127" count="10" type="stmt"/>
        <line num="130" count="10" type="stmt"/>
        <line num="131" count="10" type="stmt"/>
        <line num="134" count="10" type="stmt"/>
        <line num="137" count="68" type="stmt"/>
        <line num="138" count="68" type="stmt"/>
        <line num="140" count="10" type="stmt"/>
        <line num="143" count="10" type="cond" truecount="2" falsecount="0"/>
        <line num="145" count="10" type="stmt"/>
        <line num="152" count="6" type="cond" truecount="2" falsecount="0"/>
        <line num="153" count="1" type="stmt"/>
        <line num="156" count="5" type="stmt"/>
        <line num="158" count="5" type="stmt"/>
      </file>
    </package>
    <package name="lib.storage">
      <metrics statements="28" coveredstatements="27" conditionals="8" coveredconditionals="8" methods="12" coveredmethods="12"/>
      <file name="active-board.ts" path="/Users/allison.coleman/Develop/raycast-keyboard-layout/src/lib/storage/active-board.ts">
        <metrics statements="8" coveredstatements="8" conditionals="4" coveredconditionals="4" methods="4" coveredmethods="4"/>
        <line num="5" count="1" type="stmt"/>
        <line num="9" count="4" type="stmt"/>
        <line num="14" count="2" type="stmt"/>
        <line num="19" count="3" type="stmt"/>
        <line num="20" count="3" type="cond" truecount="2" falsecount="0"/>
        <line num="22" count="2" type="stmt"/>
        <line num="23" count="2" type="stmt"/>
        <line num="26" count="2" type="cond" truecount="2" falsecount="0"/>
      </file>
      <file name="boards.ts" path="/Users/allison.coleman/Develop/raycast-keyboard-layout/src/lib/storage/boards.ts">
        <metrics statements="20" coveredstatements="19" conditionals="4" coveredconditionals="4" methods="8" coveredmethods="8"/>
        <line num="4" count="2" type="stmt"/>
        <line num="8" count="21" type="stmt"/>
        <line num="9" count="21" type="cond" truecount="2" falsecount="0"/>
        <line num="10" count="10" type="stmt"/>
        <line num="11" count="10" type="stmt"/>
        <line num="13" count="0" type="stmt"/>
        <line num="19" count="8" type="stmt"/>
        <line num="20" count="8" type="stmt"/>
        <line num="21" count="8" type="stmt"/>
        <line num="26" count="2" type="stmt"/>
        <line num="27" count="2" type="stmt"/>
        <line num="28" count="2" type="cond" truecount="2" falsecount="0"/>
        <line num="29" count="1" type="stmt"/>
        <line num="31" count="1" type="stmt"/>
        <line num="32" count="1" type="stmt"/>
        <line num="37" count="1" type="stmt"/>
        <line num="38" count="1" type="stmt"/>
        <line num="39" count="1" type="stmt"/>
        <line num="44" count="3" type="stmt"/>
        <line num="45" count="3" type="stmt"/>
      </file>
    </package>
    <package name="lib.svg">
      <metrics statements="310" coveredstatements="280" conditionals="184" coveredconditionals="156" methods="40" coveredmethods="33"/>
      <file name="colors.ts" path="/Users/allison.coleman/Develop/raycast-keyboard-layout/src/lib/svg/colors.ts">
        <metrics statements="23" coveredstatements="23" conditionals="15" coveredconditionals="15" methods="4" coveredmethods="4"/>
        <line num="31" count="3" type="stmt"/>
        <line num="57" count="3" type="stmt"/>
        <line num="83" count="3" type="stmt"/>
        <line num="109" count="3" type="stmt"/>
        <line num="135" count="3" type="stmt"/>
        <line num="161" count="3" type="stmt"/>
        <line num="187" count="3" type="stmt"/>
        <line num="213" count="3" type="stmt"/>
        <line num="255" count="3" type="stmt"/>
        <line num="290" count="48" type="cond" truecount="2" falsecount="0"/>
        <line num="298" count="82" type="cond" truecount="10" falsecount="0"/>
        <line num="300" count="3" type="stmt"/>
        <line num="302" count="6" type="stmt"/>
        <line num="304" count="4" type="stmt"/>
        <line num="306" count="2" type="stmt"/>
        <line num="308" count="2" type="stmt"/>
        <line num="310" count="2" type="stmt"/>
        <line num="312" count="3" type="stmt"/>
        <line num="314" count="3" type="stmt"/>
        <line num="316" count="3" type="stmt"/>
        <line num="318" count="54" type="stmt"/>
        <line num="326" count="21" type="stmt"/>
        <line num="327" count="21" type="cond" truecount="2" falsecount="0"/>
      </file>
      <file name="geometry.ts" path="/Users/allison.coleman/Develop/raycast-keyboard-layout/src/lib/svg/geometry.ts">
        <metrics statements="49" coveredstatements="49" conditionals="20" coveredconditionals="18" methods="5" coveredmethods="5"/>
        <line num="4" count="3" type="stmt"/>
        <line num="7" count="3" type="stmt"/>
        <line num="10" count="3" type="stmt"/>
        <line num="13" count="3" type="stmt"/>
        <line num="16" count="3" type="stmt"/>
        <line num="19" count="3" type="stmt"/>
        <line num="22" count="3" type="stmt"/>
        <line num="26" count="251" type="stmt"/>
        <line num="31" count="14" type="cond" truecount="2" falsecount="0"/>
        <line num="34" count="78" type="stmt"/>
        <line num="36" count="13" type="stmt"/>
        <line num="37" count="13" type="stmt"/>
        <line num="39" count="13" type="stmt"/>
        <line num="40" count="50" type="stmt"/>
        <line num="41" count="50" type="stmt"/>
        <line num="42" count="50" type="cond" truecount="2" falsecount="0"/>
        <line num="43" count="5" type="stmt"/>
        <line num="44" count="5" type="stmt"/>
        <line num="49" count="13" type="cond" truecount="2" falsecount="0"/>
        <line num="62" count="14" type="cond" truecount="2" falsecount="0"/>
        <line num="63" count="1" type="stmt"/>
        <line num="66" count="13" type="stmt"/>
        <line num="67" count="13" type="stmt"/>
        <line num="68" count="13" type="stmt"/>
        <line num="69" count="13" type="stmt"/>
        <line num="71" count="13" type="stmt"/>
        <line num="73" count="57" type="stmt"/>
        <line num="74" count="57" type="stmt"/>
        <line num="75" count="57" type="stmt"/>
        <line num="76" count="57" type="stmt"/>
        <line num="78" count="57" type="stmt"/>
        <line num="79" count="57" type="stmt"/>
        <line num="80" count="57" type="stmt"/>
        <line num="81" count="57" type="stmt"/>
        <line num="84" count="13" type="stmt"/>
        <line num="85" count="13" type="stmt"/>
        <line num="88" count="13" type="cond" truecount="2" falsecount="0"/>
        <line num="90" count="14" type="stmt"/>
        <line num="111" count="55" type="cond" truecount="4" falsecount="0"/>
        <line num="113" count="55" type="stmt"/>
        <line num="114" count="55" type="stmt"/>
        <line num="115" count="55" type="stmt"/>
        <line num="116" count="55" type="stmt"/>
        <line num="118" count="55" type="stmt"/>
        <line num="120" count="55" type="cond" truecount="2" falsecount="0"/>
        <line num="123" count="1" type="cond" truecount="1" falsecount="1"/>
        <line num="124" count="1" type="cond" truecount="1" falsecount="1"/>
        <line num="125" count="1" type="stmt"/>
        <line num="128" count="55" type="stmt"/>
      </file>
      <file name="highlight.ts" path="/Users/allison.coleman/Develop/raycast-keyboard-layout/src/lib/svg/highlight.ts">
        <metrics statements="22" coveredstatements="22" conditionals="22" coveredconditionals="20" methods="2" coveredmethods="2"/>
        <line num="21" count="9" type="cond" truecount="2" falsecount="0"/>
        <line num="23" count="7" type="stmt"/>
        <line num="24" count="7" type="stmt"/>
        <line num="27" count="7" type="stmt"/>
        <line num="28" count="21" type="stmt"/>
        <line num="30" count="7" type="stmt"/>
        <line num="31" count="14" type="stmt"/>
        <line num="32" count="56" type="stmt"/>
        <line num="33" count="56" type="cond" truecount="1" falsecount="1"/>
        <line num="36" count="56" type="cond" truecount="2" falsecount="0"/>
        <line num="42" count="14" type="stmt"/>
        <line num="44" count="42" type="stmt"/>
        <line num="47" count="42" type="stmt"/>
        <line num="49" count="42" type="cond" truecount="2" falsecount="0"/>
        <line num="50" count="38" type="stmt"/>
        <line num="51" count="38" type="cond" truecount="2" falsecount="0"/>
        <line num="52" count="38" type="cond" truecount="1" falsecount="1"/>
        <line num="53" count="38" type="cond" truecount="2" falsecount="0"/>
        <line num="56" count="42" type="cond" truecount="2" falsecount="0"/>
        <line num="57" count="5" type="stmt"/>
        <line num="58" count="5" type="stmt"/>
        <line num="73" count="7" type="stmt"/>
      </file>
      <file name="key-renderer.ts" path="/Users/allison.coleman/Develop/raycast-keyboard-layout/src/lib/svg/key-renderer.ts">
        <metrics statements="59" coveredstatements="57" conditionals="40" coveredconditionals="37" methods="2" coveredmethods="2"/>
        <line num="7" count="62" type="stmt"/>
        <line num="40" count="61" type="stmt"/>
        <line num="41" count="61" type="stmt"/>
        <line num="44" count="61" type="stmt"/>
        <line num="45" count="61" type="stmt"/>
        <line num="46" count="61" type="stmt"/>
        <line num="48" count="61" type="stmt"/>
        <line num="49" count="61" type="stmt"/>
        <line num="50" count="61" type="stmt"/>
        <line num="51" count="61" type="stmt"/>
        <line num="54" count="61" type="cond" truecount="2" falsecount="0"/>
        <line num="56" count="61" type="cond" truecount="2" falsecount="0"/>
        <line num="57" count="3" type="stmt"/>
        <line num="58" count="3" type="stmt"/>
        <line num="59" count="58" type="cond" truecount="2" falsecount="0"/>
        <line num="60" count="3" type="stmt"/>
        <line num="61" count="3" type="stmt"/>
        <line num="62" count="3" type="stmt"/>
        <line num="63" count="3" type="stmt"/>
        <line num="64" count="55" type="cond" truecount="2" falsecount="0"/>
        <line num="65" count="1" type="stmt"/>
        <line num="66" count="1" type="stmt"/>
        <line num="67" count="1" type="stmt"/>
        <line num="68" count="54" type="cond" truecount="2" falsecount="0"/>
        <line num="69" count="1" type="stmt"/>
        <line num="70" count="1" type="stmt"/>
        <line num="74" count="61" type="cond" truecount="2" falsecount="0"/>
        <line num="77" count="61" type="stmt"/>
        <line num="80" count="61" type="cond" truecount="2" falsecount="0"/>
        <line num="81" count="61" type="cond" truecount="2" falsecount="0"/>
        <line num="82" count="61" type="stmt"/>
        <line num="88" count="61" type="cond" truecount="2" falsecount="0"/>
        <line num="89" count="6" type="stmt"/>
        <line num="96" count="61" type="cond" truecount="2" falsecount="0"/>
        <line num="97" count="58" type="stmt"/>
        <line num="98" count="58" type="stmt"/>
        <line num="99" count="58" type="stmt"/>
        <line num="100" count="58" type="stmt"/>
        <line num="101" count="58" type="stmt"/>
        <line num="108" count="61" type="stmt"/>
        <line num="109" count="61" type="stmt"/>
        <line num="112" count="61" type="stmt"/>
        <line num="113" count="61" type="stmt"/>
        <line num="114" count="61" type="cond" truecount="2" falsecount="0"/>
        <line num="115" count="6" type="cond" truecount="2" falsecount="0"/>
        <line num="116" count="5" type="cond" truecount="1" falsecount="1"/>
        <line num="117" count="0" type="cond" truecount="0" falsecount="2"/>
        <line num="118" count="0" type="stmt"/>
        <line num="120" count="61" type="cond" truecount="2" falsecount="0"/>
        <line num="123" count="61" type="cond" truecount="2" falsecount="0"/>
        <line num="124" count="61" type="stmt"/>
        <line num="131" count="61" type="cond" truecount="4" falsecount="0"/>
        <line num="132" count="1" type="stmt"/>
        <line num="133" count="1" type="stmt"/>
        <line num="134" count="1" type="stmt"/>
        <line num="142" count="61" type="cond" truecount="2" falsecount="0"/>
        <line num="143" count="3" type="stmt"/>
        <line num="149" count="61" type="stmt"/>
        <line num="150" count="61" type="stmt"/>
      </file>
      <file name="renderer.ts" path="/Users/allison.coleman/Develop/raycast-keyboard-layout/src/lib/svg/renderer.ts">
        <metrics statements="74" coveredstatements="72" conditionals="50" coveredconditionals="42" methods="7" coveredmethods="7"/>
        <line num="16" count="1" type="stmt"/>
        <line num="19" count="1" type="stmt"/>
        <line num="26" count="17" type="stmt"/>
        <line num="37" count="1" type="stmt"/>
        <line num="40" count="17" type="stmt"/>
        <line num="51" count="17" type="stmt"/>
        <line num="54" count="17" type="stmt"/>
        <line num="55" count="17" type="cond" truecount="4" falsecount="0"/>
        <line num="56" count="6" type="stmt"/>
        <line num="59" count="11" type="cond" truecount="2" falsecount="0"/>
        <line num="60" count="17" type="stmt"/>
        <line num="61" count="17" type="stmt"/>
        <line num="62" count="17" type="cond" truecount="2" falsecount="0"/>
        <line num="63" count="1" type="stmt"/>
        <line num="67" count="10" type="cond" truecount="2" falsecount="0"/>
        <line num="68" count="17" type="stmt"/>
        <line num="70" count="17" type="stmt"/>
        <line num="71" count="17" type="stmt"/>
        <line num="72" count="17" type="stmt"/>
        <line num="74" count="17" type="cond" truecount="4" falsecount="0"/>
        <line num="75" count="2" type="stmt"/>
        <line num="76" count="2" type="stmt"/>
        <line num="77" count="8" type="stmt"/>
        <line num="78" count="8" type="cond" truecount="2" falsecount="0"/>
        <line num="82" count="4" type="stmt"/>
        <line num="85" count="4" type="stmt"/>
        <line num="86" count="4" type="cond" truecount="1" falsecount="1"/>
        <line num="87" count="2" type="stmt"/>
        <line num="90" count="10" type="stmt"/>
        <line num="92" count="10" type="stmt"/>
        <line num="93" count="10" type="stmt"/>
        <line num="95" count="10" type="cond" truecount="2" falsecount="0"/>
        <line num="96" count="17" type="cond" truecount="2" falsecount="0"/>
        <line num="98" count="17" type="stmt"/>
        <line num="101" count="17" type="stmt"/>
        <line num="106" count="17" type="stmt"/>
        <line num="108" count="17" type="stmt"/>
        <line num="109" count="50" type="stmt"/>
        <line num="110" count="50" type="cond" truecount="1" falsecount="1"/>
        <line num="113" count="50" type="cond" truecount="3" falsecount="0"/>
        <line num="117" count="50" type="stmt"/>
        <line num="118" count="50" type="stmt"/>
        <line num="121" count="50" type="cond" truecount="5" falsecount="0"/>
        <line num="122" count="2" type="stmt"/>
        <line num="127" count="2" type="cond" truecount="1" falsecount="1"/>
        <line num="128" count="2" type="stmt"/>
        <line num="129" count="2" type="stmt"/>
        <line num="133" count="50" type="stmt"/>
        <line num="135" count="50" type="stmt"/>
        <line num="157" count="10" type="stmt"/>
        <line num="159" count="10" type="stmt"/>
        <line num="162" count="10" type="cond" truecount="1" falsecount="1"/>
        <line num="163" count="0" type="stmt"/>
        <line num="167" count="10" type="stmt"/>
        <line num="168" count="10" type="stmt"/>
        <line num="169" count="10" type="stmt"/>
        <line num="171" count="10" type="stmt"/>
        <line num="177" count="10" type="stmt"/>
        <line num="179" count="10" type="stmt"/>
        <line num="184" count="1" type="stmt"/>
        <line num="185" count="1" type="stmt"/>
        <line num="190" count="2" type="stmt"/>
        <line num="191" count="2" type="cond" truecount="1" falsecount="1"/>
        <line num="192" count="2" type="stmt"/>
        <line num="193" count="2" type="stmt"/>
        <line num="194" count="2" type="stmt"/>
        <line num="196" count="2" type="stmt"/>
        <line num="197" count="20" type="cond" truecount="1" falsecount="1"/>
        <line num="198" count="20" type="stmt"/>
        <line num="199" count="20" type="stmt"/>
        <line num="200" count="20" type="stmt"/>
        <line num="201" count="20" type="cond" truecount="1" falsecount="1"/>
        <line num="202" count="0" type="stmt"/>
        <line num="214" count="1" type="stmt"/>
      </file>
      <file name="rgb-effects.ts" path="/Users/allison.coleman/Develop/raycast-keyboard-layout/src/lib/svg/rgb-effects.ts">
        <metrics statements="83" coveredstatements="57" conditionals="37" coveredconditionals="24" methods="20" coveredmethods="13"/>
        <line num="20" count="23" type="stmt"/>
        <line num="21" count="23" type="stmt"/>
        <line num="22" count="23" type="stmt"/>
        <line num="24" count="23" type="stmt"/>
        <line num="25" count="23" type="stmt"/>
        <line num="26" count="23" type="stmt"/>
        <line num="28" count="23" type="stmt"/>
        <line num="29" count="23" type="stmt"/>
        <line num="30" count="23" type="stmt"/>
        <line num="31" count="23" type="cond" truecount="2" falsecount="0"/>
        <line num="32" count="6" type="stmt"/>
        <line num="33" count="6" type="stmt"/>
        <line num="34" count="17" type="cond" truecount="2" falsecount="0"/>
        <line num="35" count="1" type="stmt"/>
        <line num="36" count="1" type="stmt"/>
        <line num="37" count="16" type="cond" truecount="2" falsecount="0"/>
        <line num="38" count="2" type="stmt"/>
        <line num="39" count="2" type="stmt"/>
        <line num="40" count="14" type="cond" truecount="2" falsecount="0"/>
        <line num="41" count="12" type="stmt"/>
        <line num="42" count="12" type="stmt"/>
        <line num="43" count="2" type="cond" truecount="2" falsecount="0"/>
        <line num="44" count="1" type="stmt"/>
        <line num="45" count="1" type="stmt"/>
        <line num="47" count="1" type="stmt"/>
        <line num="48" count="1" type="stmt"/>
        <line num="51" count="23" type="stmt"/>
        <line num="52" count="23" type="stmt"/>
        <line num="53" count="23" type="stmt"/>
        <line num="55" count="23" type="stmt"/>
        <line num="70" count="8" type="stmt"/>
        <line num="72" count="8" type="cond" truecount="2" falsecount="0"/>
        <line num="74" count="4" type="stmt"/>
        <line num="77" count="7" type="cond" truecount="6" falsecount="5"/>
        <line num="79" count="4" type="stmt"/>
        <line num="82" count="8" type="stmt"/>
        <line num="87" count="0" type="stmt"/>
        <line num="88" count="0" type="stmt"/>
        <line num="89" count="0" type="stmt"/>
        <line num="96" count="0" type="stmt"/>
        <line num="102" count="4" type="stmt"/>
        <line num="103" count="4" type="stmt"/>
        <line num="104" count="1" type="cond" truecount="1" falsecount="1"/>
        <line num="106" count="1" type="stmt"/>
        <line num="107" count="4" type="stmt"/>
        <line num="108" count="4" type="stmt"/>
        <line num="109" count="4" type="stmt"/>
        <line num="116" count="1" type="stmt"/>
        <line num="117" count="1" type="stmt"/>
        <line num="119" count="1" type="stmt"/>
        <line num="120" count="20" type="cond" truecount="4" falsecount="0"/>
        <line num="121" count="3" type="stmt"/>
        <line num="123" count="17" type="stmt"/>
        <line num="129" count="0" type="stmt"/>
        <line num="130" count="0" type="stmt"/>
        <line num="132" count="0" type="stmt"/>
        <line num="133" count="0" type="stmt"/>
        <line num="134" count="0" type="cond" truecount="0" falsecount="2"/>
        <line num="135" count="0" type="stmt"/>
        <line num="136" count="0" type="stmt"/>
        <line num="138" count="0" type="stmt"/>
        <line num="144" count="4" type="stmt"/>
        <line num="145" count="4" type="stmt"/>
        <line num="146" count="1" type="cond" truecount="1" falsecount="1"/>
        <line num="148" count="1" type="stmt"/>
        <line num="149" count="4" type="stmt"/>
        <line num="150" count="4" type="stmt"/>
        <line num="151" count="4" type="stmt"/>
        <line num="157" count="0" type="stmt"/>
        <line num="158" count="0" type="stmt"/>
        <line num="159" count="0" type="cond" truecount="0" falsecount="2"/>
        <line num="161" count="0" type="stmt"/>
        <line num="162" count="0" type="stmt"/>
        <line num="163" count="0" type="stmt"/>
        <line num="164" count="0" type="stmt"/>
        <line num="165" count="0" type="stmt"/>
        <line num="171" count="0" type="stmt"/>
        <line num="173" count="0" type="stmt"/>
        <line num="174" count="0" type="cond" truecount="0" falsecount="2"/>
        <line num="175" count="0" type="stmt"/>
        <line num="176" count="0" type="stmt"/>
        <line num="178" count="0" type="stmt"/>
        <line num="184" count="4" type="stmt"/>
      </file>
    </package>
    <package name="lib.vial">
      <metrics statements="70" coveredstatements="55" conditionals="110" coveredconditionals="81" methods="3" coveredmethods="3"/>
      <file name="keycode-map.ts" path="/Users/allison.coleman/Develop/raycast-keyboard-layout/src/lib/vial/keycode-map.ts">
        <metrics statements="70" coveredstatements="55" conditionals="110" coveredconditionals="81" methods="3" coveredmethods="3"/>
        <line num="34" count="1" type="stmt"/>
        <line num="182" count="1" type="stmt"/>
        <line num="208" count="1" type="stmt"/>
        <line num="247" count="1" type="stmt"/>
        <line num="262" count="2" type="stmt"/>
        <line num="274" count="2" type="cond" truecount="1" falsecount="1"/>
        <line num="276" count="0" type="stmt"/>
        <line num="277" count="0" type="stmt"/>
        <line num="278" count="0" type="stmt"/>
        <line num="279" count="0" type="cond" truecount="0" falsecount="4"/>
        <line num="280" count="0" type="cond" truecount="0" falsecount="4"/>
        <line num="281" count="0" type="cond" truecount="0" falsecount="4"/>
        <line num="282" count="0" type="cond" truecount="0" falsecount="4"/>
        <line num="283" count="0" type="cond" truecount="0" falsecount="2"/>
        <line num="287" count="2" type="cond" truecount="1" falsecount="1"/>
        <line num="294" count="33" type="cond" truecount="2" falsecount="0"/>
        <line num="296" count="32" type="cond" truecount="2" falsecount="0"/>
        <line num="299" count="31" type="cond" truecount="2" falsecount="0"/>
        <line num="300" count="7" type="stmt"/>
        <line num="306" count="24" type="cond" truecount="4" falsecount="0"/>
        <line num="307" count="2" type="stmt"/>
        <line num="308" count="2" type="stmt"/>
        <line num="309" count="2" type="cond" truecount="1" falsecount="1"/>
        <line num="310" count="2" type="stmt"/>
        <line num="311" count="2" type="cond" truecount="1" falsecount="1"/>
        <line num="313" count="0" type="stmt"/>
        <line num="317" count="22" type="cond" truecount="4" falsecount="0"/>
        <line num="318" count="1" type="stmt"/>
        <line num="319" count="1" type="stmt"/>
        <line num="320" count="1" type="stmt"/>
        <line num="324" count="21" type="cond" truecount="4" falsecount="0"/>
        <line num="325" count="1" type="stmt"/>
        <line num="326" count="1" type="stmt"/>
        <line num="327" count="1" type="stmt"/>
        <line num="331" count="20" type="cond" truecount="3" falsecount="1"/>
        <line num="332" count="0" type="stmt"/>
        <line num="333" count="0" type="stmt"/>
        <line num="334" count="0" type="stmt"/>
        <line num="338" count="20" type="cond" truecount="4" falsecount="0"/>
        <line num="339" count="1" type="stmt"/>
        <line num="343" count="19" type="cond" truecount="4" falsecount="0"/>
        <line num="344" count="2" type="stmt"/>
        <line num="348" count="17" type="cond" truecount="4" falsecount="0"/>
        <line num="349" count="1" type="stmt"/>
        <line num="353" count="16" type="cond" truecount="4" falsecount="0"/>
        <line num="354" count="1" type="stmt"/>
        <line num="358" count="15" type="cond" truecount="4" falsecount="0"/>
        <line num="359" count="1" type="stmt"/>
        <line num="363" count="14" type="cond" truecount="4" falsecount="0"/>
        <line num="364" count="1" type="stmt"/>
        <line num="368" count="13" type="cond" truecount="4" falsecount="0"/>
        <line num="369" count="1" type="stmt"/>
        <line num="373" count="12" type="cond" truecount="3" falsecount="1"/>
        <line num="374" count="0" type="stmt"/>
        <line num="378" count="12" type="cond" truecount="3" falsecount="1"/>
        <line num="379" count="0" type="stmt"/>
        <line num="380" count="0" type="cond" truecount="0" falsecount="2"/>
        <line num="384" count="12" type="cond" truecount="4" falsecount="0"/>
        <line num="385" count="1" type="stmt"/>
        <line num="389" count="11" type="cond" truecount="4" falsecount="0"/>
        <line num="390" count="2" type="stmt"/>
        <line num="394" count="9" type="cond" truecount="2" falsecount="0"/>
        <line num="397" count="7" type="cond" truecount="2" falsecount="0"/>
        <line num="400" count="5" type="cond" truecount="4" falsecount="0"/>
        <line num="401" count="2" type="stmt"/>
        <line num="405" count="3" type="cond" truecount="4" falsecount="0"/>
        <line num="406" count="2" type="stmt"/>
        <line num="410" count="1" type="stmt"/>
        <line num="411" count="1" type="cond" truecount="1" falsecount="1"/>
        <line num="414" count="1" type="stmt"/>
      </file>
    </package>
  </project>
</coverage>
