{"/Users/allison.coleman/Develop/raycast-keyboard-layout/src/lib/layer-detect.ts": {"path":"/Users/allison.coleman/Develop/raycast-keyboard-layout/src/lib/layer-detect.ts","statementMap":{"0":{"start":{"line":16,"column":2},"end":{"line":16,"column":null}},"1":{"start":{"line":16,"column":37},"end":{"line":16,"column":null}},"2":{"start":{"line":27,"column":22},"end":{"line":27,"column":null}},"3":{"start":{"line":29,"column":20},"end":{"line":29,"column":null}},"4":{"start":{"line":30,"column":2},"end":{"line":30,"column":null}},"5":{"start":{"line":30,"column":18},"end":{"line":30,"column":null}},"6":{"start":{"line":32,"column":2},"end":{"line":55,"column":null}},"7":{"start":{"line":32,"column":15},"end":{"line":32,"column":18}},"8":{"start":{"line":33,"column":15},"end":{"line":33,"column":null}},"9":{"start":{"line":34,"column":10},"end":{"line":34,"column":35}},"10":{"start":{"line":37,"column":37},"end":{"line":37,"column":null}},"11":{"start":{"line":39,"column":4},"end":{"line":43,"column":null}},"12":{"start":{"line":41,"column":25},"end":{"line":41,"column":66}},"13":{"start":{"line":42,"column":6},"end":{"line":43,"column":null}},"14":{"start":{"line":43,"column":8},"end":{"line":43,"column":null}},"15":{"start":{"line":47,"column":4},"end":{"line":55,"column":null}},"16":{"start":{"line":55,"column":6},"end":{"line":55,"column":null}},"17":{"start":{"line":59,"column":2},"end":{"line":59,"column":null}},"18":{"start":{"line":75,"column":7},"end":{"line":75,"column":9}},"19":{"start":{"line":76,"column":20},"end":{"line":76,"column":null}},"20":{"start":{"line":77,"column":2},"end":{"line":77,"column":null}},"21":{"start":{"line":77,"column":18},"end":{"line":77,"column":null}},"22":{"start":{"line":79,"column":2},"end":{"line":87,"column":null}},"23":{"start":{"line":79,"column":15},"end":{"line":79,"column":18}},"24":{"start":{"line":80,"column":15},"end":{"line":80,"column":null}},"25":{"start":{"line":81,"column":23},"end":{"line":81,"column":64}},"26":{"start":{"line":82,"column":4},"end":{"line":87,"column":null}},"27":{"start":{"line":83,"column":6},"end":{"line":87,"column":null}},"28":{"start":{"line":91,"column":2},"end":{"line":91,"column":null}}},"fnMap":{"0":{"name":"inferActiveLayer","decl":{"start":{"line":12,"column":16},"end":{"line":12,"column":null}},"loc":{"start":{"line":15,"column":10},"end":{"line":59,"column":null}},"line":15},"1":{"name":"getLayerKeys","decl":{"start":{"line":66,"column":16},"end":{"line":66,"column":29}},"loc":{"start":{"line":70,"column":3},"end":{"line":91,"column":null}},"line":70}},"branchMap":{"0":{"loc":{"start":{"line":16,"column":2},"end":{"line":16,"column":null}},"type":"if","locations":[{"start":{"line":16,"column":2},"end":{"line":16,"column":null}},{"start":{},"end":{}}],"line":16},"1":{"loc":{"start":{"line":30,"column":2},"end":{"line":30,"column":null}},"type":"if","locations":[{"start":{"line":30,"column":2},"end":{"line":30,"column":null}},{"start":{},"end":{}}],"line":30},"2":{"loc":{"start":{"line":39,"column":4},"end":{"line":43,"column":null}},"type":"if","locations":[{"start":{"line":39,"column":4},"end":{"line":43,"column":null}},{"start":{},"end":{}}],"line":39},"3":{"loc":{"start":{"line":42,"column":6},"end":{"line":43,"column":null}},"type":"if","locations":[{"start":{"line":42,"column":6},"end":{"line":43,"column":null}},{"start":{},"end":{}}],"line":42},"4":{"loc":{"start":{"line":47,"column":4},"end":{"line":55,"column":null}},"type":"if","locations":[{"start":{"line":47,"column":4},"end":{"line":55,"column":null}},{"start":{},"end":{}}],"line":47},"5":{"loc":{"start":{"line":47,"column":8},"end":{"line":47,"column":61}},"type":"binary-expr","locations":[{"start":{"line":47,"column":8},"end":{"line":47,"column":32}},{"start":{"line":47,"column":32},"end":{"line":47,"column":61}}],"line":47},"6":{"loc":{"start":{"line":77,"column":2},"end":{"line":77,"column":null}},"type":"if","locations":[{"start":{"line":77,"column":2},"end":{"line":77,"column":null}},{"start":{},"end":{}}],"line":77},"7":{"loc":{"start":{"line":82,"column":4},"end":{"line":87,"column":null}},"type":"if","locations":[{"start":{"line":82,"column":4},"end":{"line":87,"column":null}},{"start":{},"end":{}}],"line":82}},"s":{"0":0,"1":0,"2":0,"3":0,"4":0,"5":0,"6":0,"7":0,"8":0,"9":0,"10":0,"11":0,"12":0,"13":0,"14":0,"15":0,"16":0,"17":0,"18":7,"19":7,"20":7,"21":0,"22":7,"23":7,"24":16,"25":16,"26":16,"27":6,"28":7},"f":{"0":0,"1":7},"b":{"0":[0,0],"1":[0,0],"2":[0,0],"3":[0,0],"4":[0,0],"5":[0,0],"6":[0,7],"7":[6,10]},"meta":{"lastBranch":8,"lastFunction":2,"lastStatement":29,"seen":{"f:12:16:12:Infinity":0,"b:16:2:16:Infinity:undefined:undefined:undefined:undefined":0,"s:16:2:16:Infinity":0,"s:16:37:16:Infinity":1,"s:27:22:27:Infinity":2,"s:29:20:29:Infinity":3,"b:30:2:30:Infinity:undefined:undefined:undefined:undefined":1,"s:30:2:30:Infinity":4,"s:30:18:30:Infinity":5,"s:32:2:55:Infinity":6,"s:32:15:32:18":7,"s:33:15:33:Infinity":8,"s:34:10:34:35":9,"s:37:37:37:Infinity":10,"b:39:4:43:Infinity:undefined:undefined:undefined:undefined":2,"s:39:4:43:Infinity":11,"s:41:25:41:66":12,"b:42:6:43:Infinity:undefined:undefined:undefined:undefined":3,"s:42:6:43:Infinity":13,"s:43:8:43:Infinity":14,"b:47:4:55:Infinity:undefined:undefined:undefined:undefined":4,"s:47:4:55:Infinity":15,"b:47:8:47:32:47:32:47:61":5,"s:55:6:55:Infinity":16,"s:59:2:59:Infinity":17,"f:66:16:66:29":1,"s:75:7:75:9":18,"s:76:20:76:Infinity":19,"b:77:2:77:Infinity:undefined:undefined:undefined:undefined":6,"s:77:2:77:Infinity":20,"s:77:18:77:Infinity":21,"s:79:2:87:Infinity":22,"s:79:15:79:18":23,"s:80:15:80:Infinity":24,"s:81:23:81:64":25,"b:82:4:87:Infinity:undefined:undefined:undefined:undefined":7,"s:82:4:87:Infinity":26,"s:83:6:87:Infinity":27,"s:91:2:91:Infinity":28}}}
,"/Users/allison.coleman/Develop/raycast-keyboard-layout/src/lib/firmware/config.ts": {"path":"/Users/allison.coleman/Develop/raycast-keyboard-layout/src/lib/firmware/config.ts","statementMap":{"0":{"start":{"line":38,"column":63},"end":{"line":99,"column":null}},"1":{"start":{"line":103,"column":2},"end":{"line":103,"column":null}}},"fnMap":{"0":{"name":"getFirmwareConfig","decl":{"start":{"line":102,"column":16},"end":{"line":102,"column":34}},"loc":{"start":{"line":102,"column":74},"end":{"line":103,"column":null}},"line":102}},"branchMap":{"0":{"loc":{"start":{"line":103,"column":9},"end":{"line":103,"column":null}},"type":"binary-expr","locations":[{"start":{"line":103,"column":9},"end":{"line":103,"column":39}},{"start":{"line":103,"column":39},"end":{"line":103,"column":null}}],"line":103}},"s":{"0":1,"1":11},"f":{"0":11},"b":{"0":[11,0]},"meta":{"lastBranch":1,"lastFunction":1,"lastStatement":2,"seen":{"s:38:63:99:Infinity":0,"f:102:16:102:34":0,"s:103:2:103:Infinity":1,"b:103:9:103:39:103:39:103:Infinity":0}}}
,"/Users/allison.coleman/Develop/raycast-keyboard-layout/src/lib/keymap/keycodes-data.ts": {"path":"/Users/allison.coleman/Develop/raycast-keyboard-layout/src/lib/keymap/keycodes-data.ts","statementMap":{"0":{"start":{"line":7,"column":24},"end":{"line":276,"column":null}},"1":{"start":{"line":279,"column":45},"end":{"line":285,"column":null}},"2":{"start":{"line":280,"column":44},"end":{"line":285,"column":null}}},"fnMap":{"0":{"name":"(anonymous_0)","decl":{"start":{"line":279,"column":49},"end":{"line":279,"column":null}},"loc":{"start":{"line":280,"column":44},"end":{"line":285,"column":null}},"line":280}},"branchMap":{},"s":{"0":6,"1":6,"2":1296},"f":{"0":1296},"b":{},"meta":{"lastBranch":0,"lastFunction":1,"lastStatement":3,"seen":{"s:7:24:276:Infinity":0,"s:279:45:285:Infinity":1,"f:279:49:279:Infinity":0,"s:280:44:285:Infinity":2}}}
,"/Users/allison.coleman/Develop/raycast-keyboard-layout/src/lib/keymap/keycodes.ts": {"path":"/Users/allison.coleman/Develop/raycast-keyboard-layout/src/lib/keymap/keycodes.ts","statementMap":{"0":{"start":{"line":9,"column":15},"end":{"line":9,"column":51}},"1":{"start":{"line":12,"column":16},"end":{"line":12,"column":52}},"2":{"start":{"line":14,"column":0},"end":{"line":20,"column":null}},"3":{"start":{"line":15,"column":16},"end":{"line":15,"column":37}},"4":{"start":{"line":16,"column":2},"end":{"line":16,"column":null}},"5":{"start":{"line":17,"column":2},"end":{"line":17,"column":null}},"6":{"start":{"line":18,"column":2},"end":{"line":18,"column":null}},"7":{"start":{"line":19,"column":2},"end":{"line":20,"column":null}},"8":{"start":{"line":20,"column":4},"end":{"line":20,"column":null}},"9":{"start":{"line":27,"column":19},"end":{"line":27,"column":null}},"10":{"start":{"line":30,"column":21},"end":{"line":30,"column":null}},"11":{"start":{"line":33,"column":14},"end":{"line":33,"column":null}},"12":{"start":{"line":36,"column":14},"end":{"line":36,"column":null}},"13":{"start":{"line":39,"column":15},"end":{"line":39,"column":null}},"14":{"start":{"line":42,"column":14},"end":{"line":42,"column":null}},"15":{"start":{"line":45,"column":15},"end":{"line":45,"column":null}},"16":{"start":{"line":48,"column":14},"end":{"line":48,"column":null}},"17":{"start":{"line":51,"column":15},"end":{"line":51,"column":null}},"18":{"start":{"line":54,"column":20},"end":{"line":54,"column":null}},"19":{"start":{"line":57,"column":49},"end":{"line":73,"column":null}},"20":{"start":{"line":75,"column":42},"end":{"line":86,"column":null}},"21":{"start":{"line":97,"column":2},"end":{"line":97,"column":null}},"22":{"start":{"line":102,"column":2},"end":{"line":102,"column":null}},"23":{"start":{"line":102,"column":21},"end":{"line":102,"column":null}},"24":{"start":{"line":103,"column":12},"end":{"line":103,"column":38}},"25":{"start":{"line":106,"column":16},"end":{"line":106,"column":30}},"26":{"start":{"line":107,"column":2},"end":{"line":107,"column":null}},"27":{"start":{"line":107,"column":13},"end":{"line":107,"column":null}},"28":{"start":{"line":110,"column":2},"end":{"line":114,"column":null}},"29":{"start":{"line":111,"column":4},"end":{"line":111,"column":null}},"30":{"start":{"line":111,"column":43},"end":{"line":111,"column":null}},"31":{"start":{"line":112,"column":4},"end":{"line":112,"column":null}},"32":{"start":{"line":112,"column":44},"end":{"line":112,"column":null}},"33":{"start":{"line":113,"column":4},"end":{"line":113,"column":null}},"34":{"start":{"line":113,"column":34},"end":{"line":113,"column":61}},"35":{"start":{"line":119,"column":18},"end":{"line":119,"column":28}},"36":{"start":{"line":122,"column":2},"end":{"line":127,"column":null}},"37":{"start":{"line":127,"column":4},"end":{"line":127,"column":null}},"38":{"start":{"line":131,"column":2},"end":{"line":132,"column":null}},"39":{"start":{"line":132,"column":4},"end":{"line":132,"column":null}},"40":{"start":{"line":136,"column":18},"end":{"line":136,"column":45}},"41":{"start":{"line":137,"column":2},"end":{"line":145,"column":null}},"42":{"start":{"line":138,"column":21},"end":{"line":138,"column":null}},"43":{"start":{"line":139,"column":20},"end":{"line":139,"column":45}},"44":{"start":{"line":140,"column":4},"end":{"line":145,"column":null}},"45":{"start":{"line":149,"column":18},"end":{"line":149,"column":43}},"46":{"start":{"line":150,"column":2},"end":{"line":171,"column":null}},"47":{"start":{"line":151,"column":4},"end":{"line":160,"column":null}},"48":{"start":{"line":153,"column":22},"end":{"line":153,"column":null}},"49":{"start":{"line":154,"column":22},"end":{"line":154,"column":47}},"50":{"start":{"line":155,"column":6},"end":{"line":160,"column":null}},"51":{"start":{"line":162,"column":4},"end":{"line":171,"column":null}},"52":{"start":{"line":164,"column":22},"end":{"line":164,"column":null}},"53":{"start":{"line":165,"column":22},"end":{"line":165,"column":47}},"54":{"start":{"line":166,"column":6},"end":{"line":171,"column":null}},"55":{"start":{"line":176,"column":18},"end":{"line":176,"column":38}},"56":{"start":{"line":177,"column":2},"end":{"line":183,"column":null}},"57":{"start":{"line":178,"column":4},"end":{"line":183,"column":null}},"58":{"start":{"line":187,"column":18},"end":{"line":187,"column":38}},"59":{"start":{"line":188,"column":2},"end":{"line":189,"column":null}},"60":{"start":{"line":189,"column":4},"end":{"line":189,"column":null}},"61":{"start":{"line":193,"column":19},"end":{"line":193,"column":40}},"62":{"start":{"line":194,"column":2},"end":{"line":195,"column":null}},"63":{"start":{"line":195,"column":4},"end":{"line":195,"column":null}},"64":{"start":{"line":199,"column":18},"end":{"line":199,"column":38}},"65":{"start":{"line":200,"column":2},"end":{"line":201,"column":null}},"66":{"start":{"line":201,"column":4},"end":{"line":201,"column":null}},"67":{"start":{"line":205,"column":18},"end":{"line":205,"column":38}},"68":{"start":{"line":206,"column":2},"end":{"line":207,"column":null}},"69":{"start":{"line":207,"column":4},"end":{"line":207,"column":null}},"70":{"start":{"line":211,"column":18},"end":{"line":211,"column":48}},"71":{"start":{"line":212,"column":2},"end":{"line":218,"column":null}},"72":{"start":{"line":213,"column":4},"end":{"line":218,"column":null}},"73":{"start":{"line":222,"column":19},"end":{"line":222,"column":50}},"74":{"start":{"line":223,"column":2},"end":{"line":224,"column":null}},"75":{"start":{"line":224,"column":4},"end":{"line":224,"column":null}},"76":{"start":{"line":228,"column":19},"end":{"line":228,"column":53}},"77":{"start":{"line":229,"column":2},"end":{"line":236,"column":null}},"78":{"start":{"line":230,"column":20},"end":{"line":230,"column":46}},"79":{"start":{"line":231,"column":4},"end":{"line":236,"column":null}},"80":{"start":{"line":238,"column":2},"end":{"line":239,"column":null}},"81":{"start":{"line":239,"column":4},"end":{"line":239,"column":null}},"82":{"start":{"line":242,"column":18},"end":{"line":242,"column":48}},"83":{"start":{"line":243,"column":2},"end":{"line":244,"column":null}},"84":{"start":{"line":244,"column":4},"end":{"line":244,"column":null}},"85":{"start":{"line":248,"column":21},"end":{"line":248,"column":46}},"86":{"start":{"line":249,"column":2},"end":{"line":250,"column":null}},"87":{"start":{"line":250,"column":4},"end":{"line":250,"column":null}},"88":{"start":{"line":254,"column":18},"end":{"line":254,"column":59}},"89":{"start":{"line":255,"column":2},"end":{"line":261,"column":null}},"90":{"start":{"line":256,"column":4},"end":{"line":261,"column":null}},"91":{"start":{"line":265,"column":18},"end":{"line":265,"column":45}},"92":{"start":{"line":266,"column":2},"end":{"line":267,"column":null}},"93":{"start":{"line":267,"column":4},"end":{"line":267,"column":null}},"94":{"start":{"line":271,"column":20},"end":{"line":271,"column":49}},"95":{"start":{"line":272,"column":2},"end":{"line":273,"column":null}},"96":{"start":{"line":273,"column":4},"end":{"line":273,"column":null}},"97":{"start":{"line":277,"column":26},"end":{"line":277,"column":68}},"98":{"start":{"line":278,"column":2},"end":{"line":294,"column":null}},"99":{"start":{"line":286,"column":20},"end":{"line":286,"column":null}},"100":{"start":{"line":287,"column":20},"end":{"line":287,"column":53}},"101":{"start":{"line":288,"column":4},"end":{"line":294,"column":null}},"102":{"start":{"line":289,"column":6},"end":{"line":294,"column":null}},"103":{"start":{"line":299,"column":19},"end":{"line":299,"column":40}},"104":{"start":{"line":300,"column":2},"end":{"line":302,"column":null}},"105":{"start":{"line":301,"column":20},"end":{"line":301,"column":77}},"106":{"start":{"line":302,"column":4},"end":{"line":302,"column":null}},"107":{"start":{"line":306,"column":23},"end":{"line":306,"column":49}},"108":{"start":{"line":307,"column":2},"end":{"line":316,"column":null}},"109":{"start":{"line":309,"column":6},"end":{"line":309,"column":71}},"110":{"start":{"line":310,"column":20},"end":{"line":310,"column":50}},"111":{"start":{"line":311,"column":4},"end":{"line":316,"column":null}},"112":{"start":{"line":320,"column":19},"end":{"line":320,"column":40}},"113":{"start":{"line":321,"column":2},"end":{"line":339,"column":null}},"114":{"start":{"line":322,"column":47},"end":{"line":334,"column":null}},"115":{"start":{"line":335,"column":4},"end":{"line":339,"column":null}},"116":{"start":{"line":343,"column":2},"end":{"line":344,"column":null}},"117":{"start":{"line":344,"column":4},"end":{"line":344,"column":null}},"118":{"start":{"line":345,"column":2},"end":{"line":346,"column":null}},"119":{"start":{"line":346,"column":4},"end":{"line":346,"column":null}},"120":{"start":{"line":347,"column":2},"end":{"line":348,"column":null}},"121":{"start":{"line":348,"column":4},"end":{"line":348,"column":null}},"122":{"start":{"line":349,"column":2},"end":{"line":350,"column":null}},"123":{"start":{"line":350,"column":4},"end":{"line":350,"column":null}},"124":{"start":{"line":353,"column":13},"end":{"line":353,"column":35}},"125":{"start":{"line":354,"column":2},"end":{"line":355,"column":null}},"126":{"start":{"line":355,"column":4},"end":{"line":355,"column":null}},"127":{"start":{"line":359,"column":20},"end":{"line":359,"column":null}},"128":{"start":{"line":360,"column":2},"end":{"line":361,"column":null}},"129":{"start":{"line":361,"column":4},"end":{"line":361,"column":null}},"130":{"start":{"line":365,"column":17},"end":{"line":365,"column":44}},"131":{"start":{"line":366,"column":19},"end":{"line":366,"column":null}},"132":{"start":{"line":367,"column":2},"end":{"line":368,"column":null}},"133":{"start":{"line":368,"column":4},"end":{"line":368,"column":null}},"134":{"start":{"line":372,"column":2},"end":{"line":376,"column":null}}},"fnMap":{"0":{"name":"lookupKeycode","decl":{"start":{"line":96,"column":16},"end":{"line":96,"column":30}},"loc":{"start":{"line":96,"column":75},"end":{"line":97,"column":null}},"line":96},"1":{"name":"searchKeycodes","decl":{"start":{"line":101,"column":16},"end":{"line":101,"column":31}},"loc":{"start":{"line":101,"column":67},"end":{"line":114,"column":null}},"line":101},"2":{"name":"(anonymous_2)","decl":{"start":{"line":110,"column":18},"end":{"line":110,"column":26}},"loc":{"start":{"line":110,"column":33},"end":{"line":114,"column":null}},"line":110},"3":{"name":"(anonymous_3)","decl":{"start":{"line":113,"column":22},"end":{"line":113,"column":28}},"loc":{"start":{"line":113,"column":34},"end":{"line":113,"column":61}},"line":113},"4":{"name":"parseKeycode","decl":{"start":{"line":118,"column":16},"end":{"line":118,"column":29}},"loc":{"start":{"line":118,"column":57},"end":{"line":376,"column":null}},"line":118}},"branchMap":{"0":{"loc":{"start":{"line":102,"column":2},"end":{"line":102,"column":null}},"type":"if","locations":[{"start":{"line":102,"column":2},"end":{"line":102,"column":null}},{"start":{},"end":{}}],"line":102},"1":{"loc":{"start":{"line":107,"column":2},"end":{"line":107,"column":null}},"type":"if","locations":[{"start":{"line":107,"column":2},"end":{"line":107,"column":null}},{"start":{},"end":{}}],"line":107},"2":{"loc":{"start":{"line":111,"column":4},"end":{"line":111,"column":null}},"type":"if","locations":[{"start":{"line":111,"column":4},"end":{"line":111,"column":null}},{"start":{},"end":{}}],"line":111},"3":{"loc":{"start":{"line":112,"column":4},"end":{"line":112,"column":null}},"type":"if","locations":[{"start":{"line":112,"column":4},"end":{"line":112,"column":null}},{"start":{},"end":{}}],"line":112},"4":{"loc":{"start":{"line":122,"column":2},"end":{"line":127,"column":null}},"type":"if","locations":[{"start":{"line":122,"column":2},"end":{"line":127,"column":null}},{"start":{},"end":{}}],"line":122},"5":{"loc":{"start":{"line":123,"column":4},"end":{"line":125,"column":null}},"type":"binary-expr","locations":[{"start":{"line":123,"column":4},"end":{"line":123,"column":null}},{"start":{"line":124,"column":4},"end":{"line":124,"column":null}},{"start":{"line":125,"column":4},"end":{"line":125,"column":null}}],"line":123},"6":{"loc":{"start":{"line":131,"column":2},"end":{"line":132,"column":null}},"type":"if","locations":[{"start":{"line":131,"column":2},"end":{"line":132,"column":null}},{"start":{},"end":{}}],"line":131},"7":{"loc":{"start":{"line":131,"column":6},"end":{"line":131,"column":52}},"type":"binary-expr","locations":[{"start":{"line":131,"column":6},"end":{"line":131,"column":29}},{"start":{"line":131,"column":29},"end":{"line":131,"column":52}}],"line":131},"8":{"loc":{"start":{"line":137,"column":2},"end":{"line":145,"column":null}},"type":"if","locations":[{"start":{"line":137,"column":2},"end":{"line":145,"column":null}},{"start":{},"end":{}}],"line":137},"9":{"loc":{"start":{"line":141,"column":13},"end":{"line":141,"column":60}},"type":"binary-expr","locations":[{"start":{"line":141,"column":13},"end":{"line":141,"column":31}},{"start":{"line":141,"column":31},"end":{"line":141,"column":60}}],"line":141},"10":{"loc":{"start":{"line":150,"column":2},"end":{"line":171,"column":null}},"type":"if","locations":[{"start":{"line":150,"column":2},"end":{"line":171,"column":null}},{"start":{},"end":{}}],"line":150},"11":{"loc":{"start":{"line":151,"column":4},"end":{"line":160,"column":null}},"type":"if","locations":[{"start":{"line":151,"column":4},"end":{"line":160,"column":null}},{"start":{},"end":{}}],"line":151},"12":{"loc":{"start":{"line":151,"column":8},"end":{"line":151,"column":34}},"type":"binary-expr","locations":[{"start":{"line":151,"column":8},"end":{"line":151,"column":22}},{"start":{"line":151,"column":22},"end":{"line":151,"column":34}}],"line":151},"13":{"loc":{"start":{"line":153,"column":22},"end":{"line":153,"column":null}},"type":"binary-expr","locations":[{"start":{"line":153,"column":22},"end":{"line":153,"column":47}},{"start":{"line":153,"column":47},"end":{"line":153,"column":null}}],"line":153},"14":{"loc":{"start":{"line":156,"column":15},"end":{"line":156,"column":62}},"type":"binary-expr","locations":[{"start":{"line":156,"column":15},"end":{"line":156,"column":33}},{"start":{"line":156,"column":33},"end":{"line":156,"column":62}}],"line":156},"15":{"loc":{"start":{"line":162,"column":4},"end":{"line":171,"column":null}},"type":"if","locations":[{"start":{"line":162,"column":4},"end":{"line":171,"column":null}},{"start":{},"end":{}}],"line":162},"16":{"loc":{"start":{"line":162,"column":8},"end":{"line":162,"column":34}},"type":"binary-expr","locations":[{"start":{"line":162,"column":8},"end":{"line":162,"column":22}},{"start":{"line":162,"column":22},"end":{"line":162,"column":34}}],"line":162},"17":{"loc":{"start":{"line":164,"column":22},"end":{"line":164,"column":null}},"type":"binary-expr","locations":[{"start":{"line":164,"column":22},"end":{"line":164,"column":54}},{"start":{"line":164,"column":54},"end":{"line":164,"column":null}}],"line":164},"18":{"loc":{"start":{"line":167,"column":15},"end":{"line":167,"column":62}},"type":"binary-expr","locations":[{"start":{"line":167,"column":15},"end":{"line":167,"column":33}},{"start":{"line":167,"column":33},"end":{"line":167,"column":62}}],"line":167},"19":{"loc":{"start":{"line":177,"column":2},"end":{"line":183,"column":null}},"type":"if","locations":[{"start":{"line":177,"column":2},"end":{"line":183,"column":null}},{"start":{},"end":{}}],"line":177},"20":{"loc":{"start":{"line":188,"column":2},"end":{"line":189,"column":null}},"type":"if","locations":[{"start":{"line":188,"column":2},"end":{"line":189,"column":null}},{"start":{},"end":{}}],"line":188},"21":{"loc":{"start":{"line":194,"column":2},"end":{"line":195,"column":null}},"type":"if","locations":[{"start":{"line":194,"column":2},"end":{"line":195,"column":null}},{"start":{},"end":{}}],"line":194},"22":{"loc":{"start":{"line":200,"column":2},"end":{"line":201,"column":null}},"type":"if","locations":[{"start":{"line":200,"column":2},"end":{"line":201,"column":null}},{"start":{},"end":{}}],"line":200},"23":{"loc":{"start":{"line":206,"column":2},"end":{"line":207,"column":null}},"type":"if","locations":[{"start":{"line":206,"column":2},"end":{"line":207,"column":null}},{"start":{},"end":{}}],"line":206},"24":{"loc":{"start":{"line":212,"column":2},"end":{"line":218,"column":null}},"type":"if","locations":[{"start":{"line":212,"column":2},"end":{"line":218,"column":null}},{"start":{},"end":{}}],"line":212},"25":{"loc":{"start":{"line":223,"column":2},"end":{"line":224,"column":null}},"type":"if","locations":[{"start":{"line":223,"column":2},"end":{"line":224,"column":null}},{"start":{},"end":{}}],"line":223},"26":{"loc":{"start":{"line":229,"column":2},"end":{"line":236,"column":null}},"type":"if","locations":[{"start":{"line":229,"column":2},"end":{"line":236,"column":null}},{"start":{},"end":{}}],"line":229},"27":{"loc":{"start":{"line":232,"column":13},"end":{"line":232,"column":61}},"type":"binary-expr","locations":[{"start":{"line":232,"column":13},"end":{"line":232,"column":31}},{"start":{"line":232,"column":31},"end":{"line":232,"column":61}}],"line":232},"28":{"loc":{"start":{"line":238,"column":2},"end":{"line":239,"column":null}},"type":"if","locations":[{"start":{"line":238,"column":2},"end":{"line":239,"column":null}},{"start":{},"end":{}}],"line":238},"29":{"loc":{"start":{"line":243,"column":2},"end":{"line":244,"column":null}},"type":"if","locations":[{"start":{"line":243,"column":2},"end":{"line":244,"column":null}},{"start":{},"end":{}}],"line":243},"30":{"loc":{"start":{"line":249,"column":2},"end":{"line":250,"column":null}},"type":"if","locations":[{"start":{"line":249,"column":2},"end":{"line":250,"column":null}},{"start":{},"end":{}}],"line":249},"31":{"loc":{"start":{"line":255,"column":2},"end":{"line":261,"column":null}},"type":"if","locations":[{"start":{"line":255,"column":2},"end":{"line":261,"column":null}},{"start":{},"end":{}}],"line":255},"32":{"loc":{"start":{"line":266,"column":2},"end":{"line":267,"column":null}},"type":"if","locations":[{"start":{"line":266,"column":2},"end":{"line":267,"column":null}},{"start":{},"end":{}}],"line":266},"33":{"loc":{"start":{"line":272,"column":2},"end":{"line":273,"column":null}},"type":"if","locations":[{"start":{"line":272,"column":2},"end":{"line":273,"column":null}},{"start":{},"end":{}}],"line":272},"34":{"loc":{"start":{"line":278,"column":2},"end":{"line":294,"column":null}},"type":"if","locations":[{"start":{"line":278,"column":2},"end":{"line":294,"column":null}},{"start":{},"end":{}}],"line":278},"35":{"loc":{"start":{"line":279,"column":4},"end":{"line":284,"column":31}},"type":"binary-expr","locations":[{"start":{"line":279,"column":4},"end":{"line":279,"column":null}},{"start":{"line":280,"column":4},"end":{"line":280,"column":30}},{"start":{"line":281,"column":4},"end":{"line":281,"column":30}},{"start":{"line":282,"column":4},"end":{"line":282,"column":30}},{"start":{"line":283,"column":4},"end":{"line":283,"column":31}},{"start":{"line":284,"column":4},"end":{"line":284,"column":31}}],"line":279},"36":{"loc":{"start":{"line":288,"column":4},"end":{"line":294,"column":null}},"type":"if","locations":[{"start":{"line":288,"column":4},"end":{"line":294,"column":null}},{"start":{},"end":{}}],"line":288},"37":{"loc":{"start":{"line":300,"column":2},"end":{"line":302,"column":null}},"type":"if","locations":[{"start":{"line":300,"column":2},"end":{"line":302,"column":null}},{"start":{},"end":{}}],"line":300},"38":{"loc":{"start":{"line":301,"column":20},"end":{"line":301,"column":77}},"type":"binary-expr","locations":[{"start":{"line":301,"column":20},"end":{"line":301,"column":46}},{"start":{"line":301,"column":46},"end":{"line":301,"column":77}}],"line":301},"39":{"loc":{"start":{"line":307,"column":2},"end":{"line":316,"column":null}},"type":"if","locations":[{"start":{"line":307,"column":2},"end":{"line":316,"column":null}},{"start":{},"end":{}}],"line":307},"40":{"loc":{"start":{"line":309,"column":6},"end":{"line":309,"column":71}},"type":"binary-expr","locations":[{"start":{"line":309,"column":6},"end":{"line":309,"column":36}},{"start":{"line":309,"column":36},"end":{"line":309,"column":71}}],"line":309},"41":{"loc":{"start":{"line":312,"column":13},"end":{"line":312,"column":65}},"type":"binary-expr","locations":[{"start":{"line":312,"column":13},"end":{"line":312,"column":31}},{"start":{"line":312,"column":31},"end":{"line":312,"column":65}}],"line":312},"42":{"loc":{"start":{"line":321,"column":2},"end":{"line":339,"column":null}},"type":"if","locations":[{"start":{"line":321,"column":2},"end":{"line":339,"column":null}},{"start":{},"end":{}}],"line":321},"43":{"loc":{"start":{"line":336,"column":13},"end":{"line":336,"column":null}},"type":"binary-expr","locations":[{"start":{"line":336,"column":13},"end":{"line":336,"column":40}},{"start":{"line":336,"column":40},"end":{"line":336,"column":null}}],"line":336},"44":{"loc":{"start":{"line":343,"column":2},"end":{"line":344,"column":null}},"type":"if","locations":[{"start":{"line":343,"column":2},"end":{"line":344,"column":null}},{"start":{},"end":{}}],"line":343},"45":{"loc":{"start":{"line":345,"column":2},"end":{"line":346,"column":null}},"type":"if","locations":[{"start":{"line":345,"column":2},"end":{"line":346,"column":null}},{"start":{},"end":{}}],"line":345},"46":{"loc":{"start":{"line":347,"column":2},"end":{"line":348,"column":null}},"type":"if","locations":[{"start":{"line":347,"column":2},"end":{"line":348,"column":null}},{"start":{},"end":{}}],"line":347},"47":{"loc":{"start":{"line":349,"column":2},"end":{"line":350,"column":null}},"type":"if","locations":[{"start":{"line":349,"column":2},"end":{"line":350,"column":null}},{"start":{},"end":{}}],"line":349},"48":{"loc":{"start":{"line":354,"column":2},"end":{"line":355,"column":null}},"type":"if","locations":[{"start":{"line":354,"column":2},"end":{"line":355,"column":null}},{"start":{},"end":{}}],"line":354},"49":{"loc":{"start":{"line":360,"column":2},"end":{"line":361,"column":null}},"type":"if","locations":[{"start":{"line":360,"column":2},"end":{"line":361,"column":null}},{"start":{},"end":{}}],"line":360},"50":{"loc":{"start":{"line":367,"column":2},"end":{"line":368,"column":null}},"type":"if","locations":[{"start":{"line":367,"column":2},"end":{"line":368,"column":null}},{"start":{},"end":{}}],"line":367}},"s":{"0":6,"1":6,"2":6,"3":1296,"4":1296,"5":1296,"6":1296,"7":1296,"8":1572,"9":6,"10":6,"11":6,"12":6,"13":6,"14":6,"15":6,"16":6,"17":6,"18":6,"19":6,"20":6,"21":110,"22":12,"23":2,"24":10,"25":10,"26":10,"27":8,"28":2,"29":432,"30":2,"31":430,"32":0,"33":430,"34":521,"35":133,"36":133,"37":5,"38":128,"39":4,"40":124,"41":124,"42":2,"43":2,"44":2,"45":122,"46":122,"47":2,"48":1,"49":1,"50":1,"51":1,"52":1,"53":1,"54":1,"55":120,"56":120,"57":9,"58":111,"59":111,"60":1,"61":110,"62":110,"63":1,"64":109,"65":109,"66":1,"67":108,"68":108,"69":0,"70":108,"71":108,"72":1,"73":107,"74":107,"75":0,"76":107,"77":107,"78":0,"79":0,"80":107,"81":107,"82":107,"83":107,"84":1,"85":106,"86":106,"87":0,"88":106,"89":106,"90":0,"91":106,"92":106,"93":1,"94":105,"95":105,"96":0,"97":105,"98":105,"99":0,"100":0,"101":0,"102":0,"103":105,"104":105,"105":0,"106":0,"107":105,"108":105,"109":0,"110":0,"111":0,"112":105,"113":105,"114":1,"115":1,"116":104,"117":104,"118":103,"119":103,"120":103,"121":103,"122":102,"123":102,"124":101,"125":101,"126":100,"127":1,"128":1,"129":0,"130":1,"131":1,"132":1,"133":0,"134":1},"f":{"0":110,"1":12,"2":432,"3":521,"4":133},"b":{"0":[2,10],"1":[8,2],"2":[2,430],"3":[0,430],"4":[5,128],"5":[133,129,128],"6":[4,124],"7":[128,125],"8":[2,122],"9":[2,0],"10":[2,120],"11":[1,1],"12":[2,1],"13":[1,0],"14":[1,0],"15":[1,0],"16":[1,1],"17":[1,0],"18":[1,0],"19":[9,111],"20":[1,110],"21":[1,109],"22":[1,108],"23":[0,108],"24":[1,107],"25":[0,107],"26":[0,107],"27":[0,0],"28":[0,107],"29":[1,106],"30":[0,106],"31":[0,106],"32":[1,105],"33":[0,105],"34":[0,105],"35":[105,0,0,0,0,0],"36":[0,0],"37":[0,105],"38":[0,0],"39":[0,105],"40":[0,0],"41":[0,0],"42":[1,104],"43":[1,0],"44":[1,103],"45":[0,103],"46":[1,102],"47":[1,101],"48":[100,1],"49":[0,1],"50":[0,1]},"meta":{"lastBranch":51,"lastFunction":5,"lastStatement":135,"seen":{"s:9:15:9:51":0,"s:12:16:12:52":1,"s:14:0:20:Infinity":2,"s:15:16:15:37":3,"s:16:2:16:Infinity":4,"s:17:2:17:Infinity":5,"s:18:2:18:Infinity":6,"s:19:2:20:Infinity":7,"s:20:4:20:Infinity":8,"s:27:19:27:Infinity":9,"s:30:21:30:Infinity":10,"s:33:14:33:Infinity":11,"s:36:14:36:Infinity":12,"s:39:15:39:Infinity":13,"s:42:14:42:Infinity":14,"s:45:15:45:Infinity":15,"s:48:14:48:Infinity":16,"s:51:15:51:Infinity":17,"s:54:20:54:Infinity":18,"s:57:49:73:Infinity":19,"s:75:42:86:Infinity":20,"f:96:16:96:30":0,"s:97:2:97:Infinity":21,"f:101:16:101:31":1,"b:102:2:102:Infinity:undefined:undefined:undefined:undefined":0,"s:102:2:102:Infinity":22,"s:102:21:102:Infinity":23,"s:103:12:103:38":24,"s:106:16:106:30":25,"b:107:2:107:Infinity:undefined:undefined:undefined:undefined":1,"s:107:2:107:Infinity":26,"s:107:13:107:Infinity":27,"s:110:2:114:Infinity":28,"f:110:18:110:26":2,"b:111:4:111:Infinity:undefined:undefined:undefined:undefined":2,"s:111:4:111:Infinity":29,"s:111:43:111:Infinity":30,"b:112:4:112:Infinity:undefined:undefined:undefined:undefined":3,"s:112:4:112:Infinity":31,"s:112:44:112:Infinity":32,"s:113:4:113:Infinity":33,"f:113:22:113:28":3,"s:113:34:113:61":34,"f:118:16:118:29":4,"s:119:18:119:28":35,"b:122:2:127:Infinity:undefined:undefined:undefined:undefined":4,"s:122:2:127:Infinity":36,"b:123:4:123:Infinity:124:4:124:Infinity:125:4:125:Infinity":5,"s:127:4:127:Infinity":37,"b:131:2:132:Infinity:undefined:undefined:undefined:undefined":6,"s:131:2:132:Infinity":38,"b:131:6:131:29:131:29:131:52":7,"s:132:4:132:Infinity":39,"s:136:18:136:45":40,"b:137:2:145:Infinity:undefined:undefined:undefined:undefined":8,"s:137:2:145:Infinity":41,"s:138:21:138:Infinity":42,"s:139:20:139:45":43,"s:140:4:145:Infinity":44,"b:141:13:141:31:141:31:141:60":9,"s:149:18:149:43":45,"b:150:2:171:Infinity:undefined:undefined:undefined:undefined":10,"s:150:2:171:Infinity":46,"b:151:4:160:Infinity:undefined:undefined:undefined:undefined":11,"s:151:4:160:Infinity":47,"b:151:8:151:22:151:22:151:34":12,"s:153:22:153:Infinity":48,"b:153:22:153:47:153:47:153:Infinity":13,"s:154:22:154:47":49,"s:155:6:160:Infinity":50,"b:156:15:156:33:156:33:156:62":14,"b:162:4:171:Infinity:undefined:undefined:undefined:undefined":15,"s:162:4:171:Infinity":51,"b:162:8:162:22:162:22:162:34":16,"s:164:22:164:Infinity":52,"b:164:22:164:54:164:54:164:Infinity":17,"s:165:22:165:47":53,"s:166:6:171:Infinity":54,"b:167:15:167:33:167:33:167:62":18,"s:176:18:176:38":55,"b:177:2:183:Infinity:undefined:undefined:undefined:undefined":19,"s:177:2:183:Infinity":56,"s:178:4:183:Infinity":57,"s:187:18:187:38":58,"b:188:2:189:Infinity:undefined:undefined:undefined:undefined":20,"s:188:2:189:Infinity":59,"s:189:4:189:Infinity":60,"s:193:19:193:40":61,"b:194:2:195:Infinity:undefined:undefined:undefined:undefined":21,"s:194:2:195:Infinity":62,"s:195:4:195:Infinity":63,"s:199:18:199:38":64,"b:200:2:201:Infinity:undefined:undefined:undefined:undefined":22,"s:200:2:201:Infinity":65,"s:201:4:201:Infinity":66,"s:205:18:205:38":67,"b:206:2:207:Infinity:undefined:undefined:undefined:undefined":23,"s:206:2:207:Infinity":68,"s:207:4:207:Infinity":69,"s:211:18:211:48":70,"b:212:2:218:Infinity:undefined:undefined:undefined:undefined":24,"s:212:2:218:Infinity":71,"s:213:4:218:Infinity":72,"s:222:19:222:50":73,"b:223:2:224:Infinity:undefined:undefined:undefined:undefined":25,"s:223:2:224:Infinity":74,"s:224:4:224:Infinity":75,"s:228:19:228:53":76,"b:229:2:236:Infinity:undefined:undefined:undefined:undefined":26,"s:229:2:236:Infinity":77,"s:230:20:230:46":78,"s:231:4:236:Infinity":79,"b:232:13:232:31:232:31:232:61":27,"b:238:2:239:Infinity:undefined:undefined:undefined:undefined":28,"s:238:2:239:Infinity":80,"s:239:4:239:Infinity":81,"s:242:18:242:48":82,"b:243:2:244:Infinity:undefined:undefined:undefined:undefined":29,"s:243:2:244:Infinity":83,"s:244:4:244:Infinity":84,"s:248:21:248:46":85,"b:249:2:250:Infinity:undefined:undefined:undefined:undefined":30,"s:249:2:250:Infinity":86,"s:250:4:250:Infinity":87,"s:254:18:254:59":88,"b:255:2:261:Infinity:undefined:undefined:undefined:undefined":31,"s:255:2:261:Infinity":89,"s:256:4:261:Infinity":90,"s:265:18:265:45":91,"b:266:2:267:Infinity:undefined:undefined:undefined:undefined":32,"s:266:2:267:Infinity":92,"s:267:4:267:Infinity":93,"s:271:20:271:49":94,"b:272:2:273:Infinity:undefined:undefined:undefined:undefined":33,"s:272:2:273:Infinity":95,"s:273:4:273:Infinity":96,"s:277:26:277:68":97,"b:278:2:294:Infinity:undefined:undefined:undefined:undefined":34,"s:278:2:294:Infinity":98,"b:279:4:279:Infinity:280:4:280:30:281:4:281:30:282:4:282:30:283:4:283:31:284:4:284:31":35,"s:286:20:286:Infinity":99,"s:287:20:287:53":100,"b:288:4:294:Infinity:undefined:undefined:undefined:undefined":36,"s:288:4:294:Infinity":101,"s:289:6:294:Infinity":102,"s:299:19:299:40":103,"b:300:2:302:Infinity:undefined:undefined:undefined:undefined":37,"s:300:2:302:Infinity":104,"s:301:20:301:77":105,"b:301:20:301:46:301:46:301:77":38,"s:302:4:302:Infinity":106,"s:306:23:306:49":107,"b:307:2:316:Infinity:undefined:undefined:undefined:undefined":39,"s:307:2:316:Infinity":108,"s:309:6:309:71":109,"b:309:6:309:36:309:36:309:71":40,"s:310:20:310:50":110,"s:311:4:316:Infinity":111,"b:312:13:312:31:312:31:312:65":41,"s:320:19:320:40":112,"b:321:2:339:Infinity:undefined:undefined:undefined:undefined":42,"s:321:2:339:Infinity":113,"s:322:47:334:Infinity":114,"s:335:4:339:Infinity":115,"b:336:13:336:40:336:40:336:Infinity":43,"b:343:2:344:Infinity:undefined:undefined:undefined:undefined":44,"s:343:2:344:Infinity":116,"s:344:4:344:Infinity":117,"b:345:2:346:Infinity:undefined:undefined:undefined:undefined":45,"s:345:2:346:Infinity":118,"s:346:4:346:Infinity":119,"b:347:2:348:Infinity:undefined:undefined:undefined:undefined":46,"s:347:2:348:Infinity":120,"s:348:4:348:Infinity":121,"b:349:2:350:Infinity:undefined:undefined:undefined:undefined":47,"s:349:2:350:Infinity":122,"s:350:4:350:Infinity":123,"s:353:13:353:35":124,"b:354:2:355:Infinity:undefined:undefined:undefined:undefined":48,"s:354:2:355:Infinity":125,"s:355:4:355:Infinity":126,"s:359:20:359:Infinity":127,"b:360:2:361:Infinity:undefined:undefined:undefined:undefined":49,"s:360:2:361:Infinity":128,"s:361:4:361:Infinity":129,"s:365:17:365:44":130,"s:366:19:366:Infinity":131,"b:367:2:368:Infinity:undefined:undefined:undefined:undefined":50,"s:367:2:368:Infinity":132,"s:368:4:368:Infinity":133,"s:372:2:376:Infinity":134}}}
,"/Users/allison.coleman/Develop/raycast-keyboard-layout/src/lib/keymap/layer-resolver.ts": {"path":"/Users/allison.coleman/Develop/raycast-keyboard-layout/src/lib/keymap/layer-resolver.ts","statementMap":{"0":{"start":{"line":17,"column":2},"end":{"line":25,"column":null}},"1":{"start":{"line":17,"column":15},"end":{"line":17,"column":27}},"2":{"start":{"line":18,"column":15},"end":{"line":18,"column":null}},"3":{"start":{"line":19,"column":4},"end":{"line":19,"column":null}},"4":{"start":{"line":19,"column":13},"end":{"line":19,"column":null}},"5":{"start":{"line":22,"column":6},"end":{"line":22,"column":null}},"6":{"start":{"line":24,"column":4},"end":{"line":25,"column":null}},"7":{"start":{"line":25,"column":6},"end":{"line":25,"column":null}},"8":{"start":{"line":30,"column":2},"end":{"line":33,"column":null}}},"fnMap":{"0":{"name":"resolveEffectiveKey","decl":{"start":{"line":12,"column":16},"end":{"line":12,"column":null}},"loc":{"start":{"line":16,"column":48},"end":{"line":33,"column":null}},"line":16}},"branchMap":{"0":{"loc":{"start":{"line":19,"column":4},"end":{"line":19,"column":null}},"type":"if","locations":[{"start":{"line":19,"column":4},"end":{"line":19,"column":null}},{"start":{},"end":{}}],"line":19},"1":{"loc":{"start":{"line":22,"column":6},"end":{"line":22,"column":null}},"type":"binary-expr","locations":[{"start":{"line":22,"column":6},"end":{"line":22,"column":26}},{"start":{"line":22,"column":26},"end":{"line":22,"column":46}},{"start":{"line":22,"column":46},"end":{"line":22,"column":null}}],"line":22},"2":{"loc":{"start":{"line":24,"column":4},"end":{"line":25,"column":null}},"type":"if","locations":[{"start":{"line":24,"column":4},"end":{"line":25,"column":null}},{"start":{},"end":{}}],"line":24}},"s":{"0":8,"1":8,"2":13,"3":13,"4":0,"5":13,"6":13,"7":8,"8":0},"f":{"0":8},"b":{"0":[0,13],"1":[13,9,8],"2":[8,5]},"meta":{"lastBranch":3,"lastFunction":1,"lastStatement":9,"seen":{"f:12:16:12:Infinity":0,"s:17:2:25:Infinity":0,"s:17:15:17:27":1,"s:18:15:18:Infinity":2,"b:19:4:19:Infinity:undefined:undefined:undefined:undefined":0,"s:19:4:19:Infinity":3,"s:19:13:19:Infinity":4,"s:22:6:22:Infinity":5,"b:22:6:22:26:22:26:22:46:22:46:22:Infinity":1,"b:24:4:25:Infinity:undefined:undefined:undefined:undefined":2,"s:24:4:25:Infinity":6,"s:25:6:25:Infinity":7,"s:30:2:33:Infinity":8}}}
,"/Users/allison.coleman/Develop/raycast-keyboard-layout/src/lib/keymap/parser.ts": {"path":"/Users/allison.coleman/Develop/raycast-keyboard-layout/src/lib/keymap/parser.ts","statementMap":{"0":{"start":{"line":5,"column":67},"end":{"line":15,"column":null}},"1":{"start":{"line":19,"column":2},"end":{"line":19,"column":null}},"2":{"start":{"line":19,"column":19},"end":{"line":19,"column":null}},"3":{"start":{"line":22,"column":21},"end":{"line":27,"column":null}},"4":{"start":{"line":24,"column":6},"end":{"line":27,"column":null}},"5":{"start":{"line":29,"column":17},"end":{"line":29,"column":42}},"6":{"start":{"line":31,"column":2},"end":{"line":34,"column":null}},"7":{"start":{"line":32,"column":4},"end":{"line":34,"column":null}},"8":{"start":{"line":33,"column":6},"end":{"line":34,"column":null}},"9":{"start":{"line":34,"column":8},"end":{"line":34,"column":null}},"10":{"start":{"line":40,"column":13},"end":{"line":40,"column":null}},"11":{"start":{"line":41,"column":18},"end":{"line":41,"column":null}},"12":{"start":{"line":42,"column":2},"end":{"line":45,"column":null}},"13":{"start":{"line":43,"column":4},"end":{"line":45,"column":null}},"14":{"start":{"line":44,"column":6},"end":{"line":44,"column":null}},"15":{"start":{"line":45,"column":6},"end":{"line":45,"column":null}},"16":{"start":{"line":49,"column":2},"end":{"line":49,"column":null}},"17":{"start":{"line":55,"column":2},"end":{"line":58,"column":null}},"18":{"start":{"line":56,"column":4},"end":{"line":56,"column":null}},"19":{"start":{"line":58,"column":4},"end":{"line":58,"column":null}},"20":{"start":{"line":61,"column":2},"end":{"line":62,"column":null}},"21":{"start":{"line":62,"column":4},"end":{"line":62,"column":null}},"22":{"start":{"line":65,"column":14},"end":{"line":65,"column":null}},"23":{"start":{"line":67,"column":2},"end":{"line":68,"column":null}},"24":{"start":{"line":68,"column":4},"end":{"line":68,"column":null}},"25":{"start":{"line":70,"column":2},"end":{"line":71,"column":null}},"26":{"start":{"line":71,"column":4},"end":{"line":71,"column":null}},"27":{"start":{"line":73,"column":2},"end":{"line":74,"column":null}},"28":{"start":{"line":74,"column":4},"end":{"line":74,"column":null}},"29":{"start":{"line":78,"column":2},"end":{"line":85,"column":null}},"30":{"start":{"line":78,"column":15},"end":{"line":78,"column":18}},"31":{"start":{"line":79,"column":18},"end":{"line":79,"column":null}},"32":{"start":{"line":80,"column":4},"end":{"line":81,"column":null}},"33":{"start":{"line":81,"column":6},"end":{"line":81,"column":null}},"34":{"start":{"line":83,"column":4},"end":{"line":85,"column":null}},"35":{"start":{"line":83,"column":17},"end":{"line":83,"column":20}},"36":{"start":{"line":84,"column":6},"end":{"line":85,"column":null}},"37":{"start":{"line":85,"column":8},"end":{"line":85,"column":null}},"38":{"start":{"line":90,"column":2},"end":{"line":95,"column":null}},"39":{"start":{"line":104,"column":14},"end":{"line":104,"column":38}},"40":{"start":{"line":106,"column":26},"end":{"line":110,"column":5}},"41":{"start":{"line":106,"column":66},"end":{"line":110,"column":5}},"42":{"start":{"line":112,"column":2},"end":{"line":122,"column":null}}},"fnMap":{"0":{"name":"suggestLayerName","decl":{"start":{"line":18,"column":9},"end":{"line":18,"column":26}},"loc":{"start":{"line":18,"column":69},"end":{"line":49,"column":null}},"line":18},"1":{"name":"(anonymous_1)","decl":{"start":{"line":22,"column":30},"end":{"line":22,"column":null}},"loc":{"start":{"line":24,"column":6},"end":{"line":27,"column":null}},"line":24},"2":{"name":"parseQmkKeymapJson","decl":{"start":{"line":53,"column":16},"end":{"line":53,"column":35}},"loc":{"start":{"line":53,"column":67},"end":{"line":95,"column":null}},"line":53},"3":{"name":"keymapToBoardProfile","decl":{"start":{"line":99,"column":16},"end":{"line":99,"column":null}},"loc":{"start":{"line":103,"column":40},"end":{"line":122,"column":null}},"line":103},"4":{"name":"(anonymous_4)","decl":{"start":{"line":106,"column":40},"end":{"line":106,"column":45}},"loc":{"start":{"line":106,"column":66},"end":{"line":110,"column":5}},"line":106}},"branchMap":{"0":{"loc":{"start":{"line":19,"column":2},"end":{"line":19,"column":null}},"type":"if","locations":[{"start":{"line":19,"column":2},"end":{"line":19,"column":null}},{"start":{},"end":{}}],"line":19},"1":{"loc":{"start":{"line":24,"column":6},"end":{"line":27,"column":null}},"type":"binary-expr","locations":[{"start":{"line":24,"column":6},"end":{"line":24,"column":null}},{"start":{"line":25,"column":6},"end":{"line":25,"column":null}},{"start":{"line":26,"column":6},"end":{"line":26,"column":null}},{"start":{"line":27,"column":6},"end":{"line":27,"column":null}}],"line":24},"2":{"loc":{"start":{"line":33,"column":6},"end":{"line":34,"column":null}},"type":"if","locations":[{"start":{"line":33,"column":6},"end":{"line":34,"column":null}},{"start":{},"end":{}}],"line":33},"3":{"loc":{"start":{"line":34,"column":26},"end":{"line":34,"column":51}},"type":"binary-expr","locations":[{"start":{"line":34,"column":26},"end":{"line":34,"column":42}},{"start":{"line":34,"column":46},"end":{"line":34,"column":51}}],"line":34},"4":{"loc":{"start":{"line":43,"column":4},"end":{"line":45,"column":null}},"type":"if","locations":[{"start":{"line":43,"column":4},"end":{"line":45,"column":null}},{"start":{},"end":{}}],"line":43},"5":{"loc":{"start":{"line":49,"column":9},"end":{"line":49,"column":null}},"type":"binary-expr","locations":[{"start":{"line":49,"column":9},"end":{"line":49,"column":17}},{"start":{"line":49,"column":17},"end":{"line":49,"column":null}}],"line":49},"6":{"loc":{"start":{"line":61,"column":2},"end":{"line":62,"column":null}},"type":"if","locations":[{"start":{"line":61,"column":2},"end":{"line":62,"column":null}},{"start":{},"end":{}}],"line":61},"7":{"loc":{"start":{"line":61,"column":6},"end":{"line":61,"column":41}},"type":"binary-expr","locations":[{"start":{"line":61,"column":6},"end":{"line":61,"column":15}},{"start":{"line":61,"column":15},"end":{"line":61,"column":41}}],"line":61},"8":{"loc":{"start":{"line":67,"column":2},"end":{"line":68,"column":null}},"type":"if","locations":[{"start":{"line":67,"column":2},"end":{"line":68,"column":null}},{"start":{},"end":{}}],"line":67},"9":{"loc":{"start":{"line":67,"column":6},"end":{"line":67,"column":57}},"type":"binary-expr","locations":[{"start":{"line":67,"column":6},"end":{"line":67,"column":42}},{"start":{"line":67,"column":42},"end":{"line":67,"column":57}}],"line":67},"10":{"loc":{"start":{"line":70,"column":2},"end":{"line":71,"column":null}},"type":"if","locations":[{"start":{"line":70,"column":2},"end":{"line":71,"column":null}},{"start":{},"end":{}}],"line":70},"11":{"loc":{"start":{"line":70,"column":6},"end":{"line":70,"column":53}},"type":"binary-expr","locations":[{"start":{"line":70,"column":6},"end":{"line":70,"column":40}},{"start":{"line":70,"column":40},"end":{"line":70,"column":53}}],"line":70},"12":{"loc":{"start":{"line":73,"column":2},"end":{"line":74,"column":null}},"type":"if","locations":[{"start":{"line":73,"column":2},"end":{"line":74,"column":null}},{"start":{},"end":{}}],"line":73},"13":{"loc":{"start":{"line":73,"column":6},"end":{"line":73,"column":61}},"type":"binary-expr","locations":[{"start":{"line":73,"column":6},"end":{"line":73,"column":32}},{"start":{"line":73,"column":36},"end":{"line":73,"column":61}}],"line":73},"14":{"loc":{"start":{"line":80,"column":4},"end":{"line":81,"column":null}},"type":"if","locations":[{"start":{"line":80,"column":4},"end":{"line":81,"column":null}},{"start":{},"end":{}}],"line":80},"15":{"loc":{"start":{"line":84,"column":6},"end":{"line":85,"column":null}},"type":"if","locations":[{"start":{"line":84,"column":6},"end":{"line":85,"column":null}},{"start":{},"end":{}}],"line":84},"16":{"loc":{"start":{"line":92,"column":12},"end":{"line":92,"column":null}},"type":"cond-expr","locations":[{"start":{"line":92,"column":45},"end":{"line":92,"column":58}},{"start":{"line":92,"column":58},"end":{"line":92,"column":null}}],"line":92}},"s":{"0":1,"1":6,"2":3,"3":3,"4":9,"5":3,"6":3,"7":9,"8":54,"9":9,"10":3,"11":3,"12":3,"13":3,"14":3,"15":3,"16":3,"17":5,"18":5,"19":1,"20":4,"21":0,"22":4,"23":4,"24":1,"25":3,"26":1,"27":2,"28":1,"29":1,"30":1,"31":2,"32":2,"33":0,"34":2,"35":2,"36":6,"37":0,"38":1,"39":3,"40":3,"41":6,"42":3},"f":{"0":6,"1":9,"2":5,"3":3,"4":6},"b":{"0":[3,3],"1":[9,9,9,9],"2":[9,45],"3":[9,3],"4":[3,0],"5":[3,0],"6":[0,4],"7":[4,4],"8":[1,3],"9":[4,3],"10":[1,2],"11":[3,2],"12":[1,1],"13":[2,2],"14":[0,2],"15":[0,6],"16":[1,0]},"meta":{"lastBranch":17,"lastFunction":5,"lastStatement":43,"seen":{"s:5:67:15:Infinity":0,"f:18:9:18:26":0,"b:19:2:19:Infinity:undefined:undefined:undefined:undefined":0,"s:19:2:19:Infinity":1,"s:19:19:19:Infinity":2,"s:22:21:27:Infinity":3,"f:22:30:22:Infinity":1,"s:24:6:27:Infinity":4,"b:24:6:24:Infinity:25:6:25:Infinity:26:6:26:Infinity:27:6:27:Infinity":1,"s:29:17:29:42":5,"s:31:2:34:Infinity":6,"s:32:4:34:Infinity":7,"b:33:6:34:Infinity:undefined:undefined:undefined:undefined":2,"s:33:6:34:Infinity":8,"s:34:8:34:Infinity":9,"b:34:26:34:42:34:46:34:51":3,"s:40:13:40:Infinity":10,"s:41:18:41:Infinity":11,"s:42:2:45:Infinity":12,"b:43:4:45:Infinity:undefined:undefined:undefined:undefined":4,"s:43:4:45:Infinity":13,"s:44:6:44:Infinity":14,"s:45:6:45:Infinity":15,"s:49:2:49:Infinity":16,"b:49:9:49:17:49:17:49:Infinity":5,"f:53:16:53:35":2,"s:55:2:58:Infinity":17,"s:56:4:56:Infinity":18,"s:58:4:58:Infinity":19,"b:61:2:62:Infinity:undefined:undefined:undefined:undefined":6,"s:61:2:62:Infinity":20,"b:61:6:61:15:61:15:61:41":7,"s:62:4:62:Infinity":21,"s:65:14:65:Infinity":22,"b:67:2:68:Infinity:undefined:undefined:undefined:undefined":8,"s:67:2:68:Infinity":23,"b:67:6:67:42:67:42:67:57":9,"s:68:4:68:Infinity":24,"b:70:2:71:Infinity:undefined:undefined:undefined:undefined":10,"s:70:2:71:Infinity":25,"b:70:6:70:40:70:40:70:53":11,"s:71:4:71:Infinity":26,"b:73:2:74:Infinity:undefined:undefined:undefined:undefined":12,"s:73:2:74:Infinity":27,"b:73:6:73:32:73:36:73:61":13,"s:74:4:74:Infinity":28,"s:78:2:85:Infinity":29,"s:78:15:78:18":30,"s:79:18:79:Infinity":31,"b:80:4:81:Infinity:undefined:undefined:undefined:undefined":14,"s:80:4:81:Infinity":32,"s:81:6:81:Infinity":33,"s:83:4:85:Infinity":34,"s:83:17:83:20":35,"b:84:6:85:Infinity:undefined:undefined:undefined:undefined":15,"s:84:6:85:Infinity":36,"s:85:8:85:Infinity":37,"s:90:2:95:Infinity":38,"b:92:45:92:58:92:58:92:Infinity":16,"f:99:16:99:Infinity":3,"s:104:14:104:38":39,"s:106:26:110:5":40,"f:106:40:106:45":4,"s:106:66:110:5":41,"s:112:2:122:Infinity":42}}}
,"/Users/allison.coleman/Develop/raycast-keyboard-layout/src/lib/keymap/zmk-parser.ts": {"path":"/Users/allison.coleman/Develop/raycast-keyboard-layout/src/lib/keymap/zmk-parser.ts","statementMap":{"0":{"start":{"line":18,"column":18},"end":{"line":18,"column":32}},"1":{"start":{"line":20,"column":2},"end":{"line":20,"column":null}},"2":{"start":{"line":20,"column":27},"end":{"line":20,"column":null}},"3":{"start":{"line":21,"column":2},"end":{"line":21,"column":null}},"4":{"start":{"line":21,"column":28},"end":{"line":21,"column":null}},"5":{"start":{"line":24,"column":18},"end":{"line":24,"column":47}},"6":{"start":{"line":25,"column":2},"end":{"line":25,"column":null}},"7":{"start":{"line":25,"column":15},"end":{"line":25,"column":null}},"8":{"start":{"line":28,"column":18},"end":{"line":28,"column":56}},"9":{"start":{"line":29,"column":2},"end":{"line":31,"column":null}},"10":{"start":{"line":30,"column":16},"end":{"line":30,"column":null}},"11":{"start":{"line":31,"column":4},"end":{"line":31,"column":null}},"12":{"start":{"line":35,"column":18},"end":{"line":35,"column":56}},"13":{"start":{"line":36,"column":2},"end":{"line":36,"column":null}},"14":{"start":{"line":36,"column":15},"end":{"line":36,"column":null}},"15":{"start":{"line":39,"column":18},"end":{"line":39,"column":48}},"16":{"start":{"line":40,"column":2},"end":{"line":40,"column":null}},"17":{"start":{"line":40,"column":15},"end":{"line":40,"column":null}},"18":{"start":{"line":42,"column":18},"end":{"line":42,"column":48}},"19":{"start":{"line":43,"column":2},"end":{"line":43,"column":null}},"20":{"start":{"line":43,"column":15},"end":{"line":43,"column":null}},"21":{"start":{"line":45,"column":19},"end":{"line":45,"column":50}},"22":{"start":{"line":46,"column":2},"end":{"line":46,"column":null}},"23":{"start":{"line":46,"column":16},"end":{"line":46,"column":null}},"24":{"start":{"line":48,"column":18},"end":{"line":48,"column":48}},"25":{"start":{"line":49,"column":2},"end":{"line":49,"column":null}},"26":{"start":{"line":49,"column":15},"end":{"line":49,"column":null}},"27":{"start":{"line":52,"column":18},"end":{"line":52,"column":48}},"28":{"start":{"line":53,"column":2},"end":{"line":55,"column":null}},"29":{"start":{"line":54,"column":16},"end":{"line":54,"column":null}},"30":{"start":{"line":55,"column":4},"end":{"line":55,"column":null}},"31":{"start":{"line":59,"column":2},"end":{"line":59,"column":null}},"32":{"start":{"line":59,"column":33},"end":{"line":59,"column":null}},"33":{"start":{"line":60,"column":2},"end":{"line":60,"column":null}},"34":{"start":{"line":60,"column":56},"end":{"line":60,"column":null}},"35":{"start":{"line":63,"column":2},"end":{"line":63,"column":null}},"36":{"start":{"line":68,"column":2},"end":{"line":71,"column":null}},"37":{"start":{"line":77,"column":2},"end":{"line":81,"column":null}},"38":{"start":{"line":78,"column":17},"end":{"line":78,"column":36}},"39":{"start":{"line":79,"column":4},"end":{"line":79,"column":null}},"40":{"start":{"line":81,"column":4},"end":{"line":81,"column":null}},"41":{"start":{"line":87,"column":2},"end":{"line":87,"column":null}},"42":{"start":{"line":87,"column":32},"end":{"line":87,"column":null}},"43":{"start":{"line":88,"column":2},"end":{"line":88,"column":null}},"44":{"start":{"line":88,"column":28},"end":{"line":88,"column":null}},"45":{"start":{"line":89,"column":2},"end":{"line":89,"column":null}},"46":{"start":{"line":99,"column":16},"end":{"line":99,"column":56}},"47":{"start":{"line":100,"column":2},"end":{"line":100,"column":null}},"48":{"start":{"line":103,"column":2},"end":{"line":103,"column":null}},"49":{"start":{"line":108,"column":22},"end":{"line":109,"column":null}},"50":{"start":{"line":111,"column":2},"end":{"line":114,"column":null}},"51":{"start":{"line":112,"column":4},"end":{"line":114,"column":null}},"52":{"start":{"line":117,"column":22},"end":{"line":117,"column":null}},"53":{"start":{"line":120,"column":23},"end":{"line":120,"column":null}},"54":{"start":{"line":121,"column":26},"end":{"line":121,"column":28}},"55":{"start":{"line":124,"column":2},"end":{"line":149,"column":null}},"56":{"start":{"line":125,"column":21},"end":{"line":125,"column":null}},"57":{"start":{"line":126,"column":22},"end":{"line":126,"column":null}},"58":{"start":{"line":127,"column":24},"end":{"line":127,"column":null}},"59":{"start":{"line":130,"column":29},"end":{"line":130,"column":76}},"60":{"start":{"line":131,"column":24},"end":{"line":131,"column":null}},"61":{"start":{"line":134,"column":21},"end":{"line":138,"column":34}},"62":{"start":{"line":137,"column":18},"end":{"line":137,"column":26}},"63":{"start":{"line":138,"column":21},"end":{"line":138,"column":34}},"64":{"start":{"line":140,"column":21},"end":{"line":140,"column":54}},"65":{"start":{"line":143,"column":6},"end":{"line":143,"column":71}},"66":{"start":{"line":145,"column":4},"end":{"line":149,"column":null}},"67":{"start":{"line":152,"column":2},"end":{"line":153,"column":null}},"68":{"start":{"line":153,"column":4},"end":{"line":153,"column":null}},"69":{"start":{"line":156,"column":14},"end":{"line":156,"column":38}},"70":{"start":{"line":158,"column":2},"end":{"line":168,"column":null}}},"fnMap":{"0":{"name":"zmkBindingToKeycode","decl":{"start":{"line":17,"column":9},"end":{"line":17,"column":29}},"loc":{"start":{"line":17,"column":54},"end":{"line":63,"column":null}},"line":17},"1":{"name":"isZmkKeymap","decl":{"start":{"line":67,"column":16},"end":{"line":67,"column":28}},"loc":{"start":{"line":67,"column":54},"end":{"line":71,"column":null}},"line":67},"2":{"name":"isQmkKeymapJson","decl":{"start":{"line":76,"column":16},"end":{"line":76,"column":32}},"loc":{"start":{"line":76,"column":58},"end":{"line":81,"column":null}},"line":76},"3":{"name":"detectFirmwareType","decl":{"start":{"line":86,"column":16},"end":{"line":86,"column":35}},"loc":{"start":{"line":86,"column":79},"end":{"line":89,"column":null}},"line":86},"4":{"name":"parseZmkKeymap","decl":{"start":{"line":93,"column":16},"end":{"line":93,"column":null}},"loc":{"start":{"line":97,"column":40},"end":{"line":168,"column":null}},"line":97},"5":{"name":"(anonymous_5)","decl":{"start":{"line":137,"column":7},"end":{"line":137,"column":12}},"loc":{"start":{"line":137,"column":18},"end":{"line":137,"column":26}},"line":137},"6":{"name":"(anonymous_6)","decl":{"start":{"line":138,"column":7},"end":{"line":138,"column":15}},"loc":{"start":{"line":138,"column":21},"end":{"line":138,"column":34}},"line":138}},"branchMap":{"0":{"loc":{"start":{"line":20,"column":2},"end":{"line":20,"column":null}},"type":"if","locations":[{"start":{"line":20,"column":2},"end":{"line":20,"column":null}},{"start":{},"end":{}}],"line":20},"1":{"loc":{"start":{"line":21,"column":2},"end":{"line":21,"column":null}},"type":"if","locations":[{"start":{"line":21,"column":2},"end":{"line":21,"column":null}},{"start":{},"end":{}}],"line":21},"2":{"loc":{"start":{"line":25,"column":2},"end":{"line":25,"column":null}},"type":"if","locations":[{"start":{"line":25,"column":2},"end":{"line":25,"column":null}},{"start":{},"end":{}}],"line":25},"3":{"loc":{"start":{"line":29,"column":2},"end":{"line":31,"column":null}},"type":"if","locations":[{"start":{"line":29,"column":2},"end":{"line":31,"column":null}},{"start":{},"end":{}}],"line":29},"4":{"loc":{"start":{"line":30,"column":16},"end":{"line":30,"column":null}},"type":"binary-expr","locations":[{"start":{"line":30,"column":16},"end":{"line":30,"column":42}},{"start":{"line":30,"column":42},"end":{"line":30,"column":null}}],"line":30},"5":{"loc":{"start":{"line":36,"column":2},"end":{"line":36,"column":null}},"type":"if","locations":[{"start":{"line":36,"column":2},"end":{"line":36,"column":null}},{"start":{},"end":{}}],"line":36},"6":{"loc":{"start":{"line":40,"column":2},"end":{"line":40,"column":null}},"type":"if","locations":[{"start":{"line":40,"column":2},"end":{"line":40,"column":null}},{"start":{},"end":{}}],"line":40},"7":{"loc":{"start":{"line":43,"column":2},"end":{"line":43,"column":null}},"type":"if","locations":[{"start":{"line":43,"column":2},"end":{"line":43,"column":null}},{"start":{},"end":{}}],"line":43},"8":{"loc":{"start":{"line":46,"column":2},"end":{"line":46,"column":null}},"type":"if","locations":[{"start":{"line":46,"column":2},"end":{"line":46,"column":null}},{"start":{},"end":{}}],"line":46},"9":{"loc":{"start":{"line":49,"column":2},"end":{"line":49,"column":null}},"type":"if","locations":[{"start":{"line":49,"column":2},"end":{"line":49,"column":null}},{"start":{},"end":{}}],"line":49},"10":{"loc":{"start":{"line":53,"column":2},"end":{"line":55,"column":null}},"type":"if","locations":[{"start":{"line":53,"column":2},"end":{"line":55,"column":null}},{"start":{},"end":{}}],"line":53},"11":{"loc":{"start":{"line":54,"column":16},"end":{"line":54,"column":null}},"type":"binary-expr","locations":[{"start":{"line":54,"column":16},"end":{"line":54,"column":42}},{"start":{"line":54,"column":42},"end":{"line":54,"column":null}}],"line":54},"12":{"loc":{"start":{"line":59,"column":2},"end":{"line":59,"column":null}},"type":"if","locations":[{"start":{"line":59,"column":2},"end":{"line":59,"column":null}},{"start":{},"end":{}}],"line":59},"13":{"loc":{"start":{"line":60,"column":2},"end":{"line":60,"column":null}},"type":"if","locations":[{"start":{"line":60,"column":2},"end":{"line":60,"column":null}},{"start":{},"end":{}}],"line":60},"14":{"loc":{"start":{"line":60,"column":6},"end":{"line":60,"column":56}},"type":"binary-expr","locations":[{"start":{"line":60,"column":6},"end":{"line":60,"column":34}},{"start":{"line":60,"column":34},"end":{"line":60,"column":56}}],"line":60},"15":{"loc":{"start":{"line":69,"column":4},"end":{"line":71,"column":32}},"type":"binary-expr","locations":[{"start":{"line":69,"column":4},"end":{"line":69,"column":34}},{"start":{"line":70,"column":4},"end":{"line":70,"column":34}},{"start":{"line":71,"column":4},"end":{"line":71,"column":32}}],"line":69},"16":{"loc":{"start":{"line":79,"column":11},"end":{"line":79,"column":74}},"type":"binary-expr","locations":[{"start":{"line":79,"column":11},"end":{"line":79,"column":48}},{"start":{"line":79,"column":48},"end":{"line":79,"column":74}}],"line":79},"17":{"loc":{"start":{"line":87,"column":2},"end":{"line":87,"column":null}},"type":"if","locations":[{"start":{"line":87,"column":2},"end":{"line":87,"column":null}},{"start":{},"end":{}}],"line":87},"18":{"loc":{"start":{"line":88,"column":2},"end":{"line":88,"column":null}},"type":"if","locations":[{"start":{"line":88,"column":2},"end":{"line":88,"column":null}},{"start":{},"end":{}}],"line":88},"19":{"loc":{"start":{"line":111,"column":2},"end":{"line":114,"column":null}},"type":"if","locations":[{"start":{"line":111,"column":2},"end":{"line":114,"column":null}},{"start":{},"end":{}}],"line":111},"20":{"loc":{"start":{"line":143,"column":6},"end":{"line":143,"column":71}},"type":"binary-expr","locations":[{"start":{"line":143,"column":6},"end":{"line":143,"column":21}},{"start":{"line":143,"column":21},"end":{"line":143,"column":71}}],"line":143},"21":{"loc":{"start":{"line":152,"column":2},"end":{"line":153,"column":null}},"type":"if","locations":[{"start":{"line":152,"column":2},"end":{"line":153,"column":null}},{"start":{},"end":{}}],"line":152}},"s":{"0":68,"1":68,"2":0,"3":68,"4":17,"5":51,"6":51,"7":50,"8":1,"9":1,"10":0,"11":0,"12":1,"13":1,"14":0,"15":1,"16":1,"17":1,"18":0,"19":0,"20":0,"21":0,"22":0,"23":0,"24":0,"25":0,"26":0,"27":0,"28":0,"29":0,"30":0,"31":0,"32":0,"33":0,"34":0,"35":0,"36":5,"37":6,"38":6,"39":6,"40":4,"41":3,"42":1,"43":2,"44":2,"45":1,"46":7,"47":7,"48":7,"49":7,"50":7,"51":1,"52":6,"53":6,"54":6,"55":6,"56":10,"57":10,"58":10,"59":10,"60":10,"61":10,"62":68,"63":68,"64":10,"65":10,"66":10,"67":6,"68":1,"69":5,"70":5},"f":{"0":68,"1":5,"2":6,"3":3,"4":7,"5":68,"6":68},"b":{"0":[0,68],"1":[17,51],"2":[50,1],"3":[0,1],"4":[0,0],"5":[0,1],"6":[1,0],"7":[0,0],"8":[0,0],"9":[0,0],"10":[0,0],"11":[0,0],"12":[0,0],"13":[0,0],"14":[0,0],"15":[5,2,2],"16":[6,2],"17":[1,2],"18":[1,1],"19":[1,6],"20":[10,2],"21":[1,5]},"meta":{"lastBranch":22,"lastFunction":7,"lastStatement":71,"seen":{"f:17:9:17:29":0,"s:18:18:18:32":0,"b:20:2:20:Infinity:undefined:undefined:undefined:undefined":0,"s:20:2:20:Infinity":1,"s:20:27:20:Infinity":2,"b:21:2:21:Infinity:undefined:undefined:undefined:undefined":1,"s:21:2:21:Infinity":3,"s:21:28:21:Infinity":4,"s:24:18:24:47":5,"b:25:2:25:Infinity:undefined:undefined:undefined:undefined":2,"s:25:2:25:Infinity":6,"s:25:15:25:Infinity":7,"s:28:18:28:56":8,"b:29:2:31:Infinity:undefined:undefined:undefined:undefined":3,"s:29:2:31:Infinity":9,"s:30:16:30:Infinity":10,"b:30:16:30:42:30:42:30:Infinity":4,"s:31:4:31:Infinity":11,"s:35:18:35:56":12,"b:36:2:36:Infinity:undefined:undefined:undefined:undefined":5,"s:36:2:36:Infinity":13,"s:36:15:36:Infinity":14,"s:39:18:39:48":15,"b:40:2:40:Infinity:undefined:undefined:undefined:undefined":6,"s:40:2:40:Infinity":16,"s:40:15:40:Infinity":17,"s:42:18:42:48":18,"b:43:2:43:Infinity:undefined:undefined:undefined:undefined":7,"s:43:2:43:Infinity":19,"s:43:15:43:Infinity":20,"s:45:19:45:50":21,"b:46:2:46:Infinity:undefined:undefined:undefined:undefined":8,"s:46:2:46:Infinity":22,"s:46:16:46:Infinity":23,"s:48:18:48:48":24,"b:49:2:49:Infinity:undefined:undefined:undefined:undefined":9,"s:49:2:49:Infinity":25,"s:49:15:49:Infinity":26,"s:52:18:52:48":27,"b:53:2:55:Infinity:undefined:undefined:undefined:undefined":10,"s:53:2:55:Infinity":28,"s:54:16:54:Infinity":29,"b:54:16:54:42:54:42:54:Infinity":11,"s:55:4:55:Infinity":30,"b:59:2:59:Infinity:undefined:undefined:undefined:undefined":12,"s:59:2:59:Infinity":31,"s:59:33:59:Infinity":32,"b:60:2:60:Infinity:undefined:undefined:undefined:undefined":13,"s:60:2:60:Infinity":33,"b:60:6:60:34:60:34:60:56":14,"s:60:56:60:Infinity":34,"s:63:2:63:Infinity":35,"f:67:16:67:28":1,"s:68:2:71:Infinity":36,"b:69:4:69:34:70:4:70:34:71:4:71:32":15,"f:76:16:76:32":2,"s:77:2:81:Infinity":37,"s:78:17:78:36":38,"s:79:4:79:Infinity":39,"b:79:11:79:48:79:48:79:74":16,"s:81:4:81:Infinity":40,"f:86:16:86:35":3,"b:87:2:87:Infinity:undefined:undefined:undefined:undefined":17,"s:87:2:87:Infinity":41,"s:87:32:87:Infinity":42,"b:88:2:88:Infinity:undefined:undefined:undefined:undefined":18,"s:88:2:88:Infinity":43,"s:88:28:88:Infinity":44,"s:89:2:89:Infinity":45,"f:93:16:93:Infinity":4,"s:99:16:99:56":46,"s:100:2:100:Infinity":47,"s:103:2:103:Infinity":48,"s:108:22:109:Infinity":49,"b:111:2:114:Infinity:undefined:undefined:undefined:undefined":19,"s:111:2:114:Infinity":50,"s:112:4:114:Infinity":51,"s:117:22:117:Infinity":52,"s:120:23:120:Infinity":53,"s:121:26:121:28":54,"s:124:2:149:Infinity":55,"s:125:21:125:Infinity":56,"s:126:22:126:Infinity":57,"s:127:24:127:Infinity":58,"s:130:29:130:76":59,"s:131:24:131:Infinity":60,"s:134:21:138:34":61,"f:137:7:137:12":5,"s:137:18:137:26":62,"f:138:7:138:15":6,"s:138:21:138:34":63,"s:140:21:140:54":64,"s:143:6:143:71":65,"b:143:6:143:21:143:21:143:71":20,"s:145:4:149:Infinity":66,"b:152:2:153:Infinity:undefined:undefined:undefined:undefined":21,"s:152:2:153:Infinity":67,"s:153:4:153:Infinity":68,"s:156:14:156:38":69,"s:158:2:168:Infinity":70}}}
,"/Users/allison.coleman/Develop/raycast-keyboard-layout/src/lib/storage/active-board.ts": {"path":"/Users/allison.coleman/Develop/raycast-keyboard-layout/src/lib/storage/active-board.ts","statementMap":{"0":{"start":{"line":5,"column":25},"end":{"line":5,"column":null}},"1":{"start":{"line":9,"column":2},"end":{"line":9,"column":null}},"2":{"start":{"line":14,"column":2},"end":{"line":14,"column":null}},"3":{"start":{"line":19,"column":17},"end":{"line":19,"column":34}},"4":{"start":{"line":20,"column":2},"end":{"line":20,"column":null}},"5":{"start":{"line":20,"column":27},"end":{"line":20,"column":null}},"6":{"start":{"line":22,"column":19},"end":{"line":22,"column":43}},"7":{"start":{"line":23,"column":17},"end":{"line":23,"column":54}},"8":{"start":{"line":23,"column":36},"end":{"line":23,"column":54}},"9":{"start":{"line":26,"column":2},"end":{"line":26,"column":null}}},"fnMap":{"0":{"name":"getActiveBoardId","decl":{"start":{"line":8,"column":22},"end":{"line":8,"column":70}},"loc":{"start":{"line":8,"column":70},"end":{"line":9,"column":null}},"line":8},"1":{"name":"setActiveBoardId","decl":{"start":{"line":13,"column":22},"end":{"line":13,"column":39}},"loc":{"start":{"line":13,"column":66},"end":{"line":14,"column":null}},"line":13},"2":{"name":"getActiveBoard","decl":{"start":{"line":18,"column":22},"end":{"line":18,"column":74}},"loc":{"start":{"line":18,"column":74},"end":{"line":26,"column":null}},"line":18},"3":{"name":"(anonymous_3)","decl":{"start":{"line":23,"column":24},"end":{"line":23,"column":30}},"loc":{"start":{"line":23,"column":36},"end":{"line":23,"column":54}},"line":23}},"branchMap":{"0":{"loc":{"start":{"line":20,"column":2},"end":{"line":20,"column":null}},"type":"if","locations":[{"start":{"line":20,"column":2},"end":{"line":20,"column":null}},{"start":{},"end":{}}],"line":20},"1":{"loc":{"start":{"line":26,"column":9},"end":{"line":26,"column":null}},"type":"binary-expr","locations":[{"start":{"line":26,"column":9},"end":{"line":26,"column":19}},{"start":{"line":26,"column":19},"end":{"line":26,"column":null}}],"line":26}},"s":{"0":1,"1":4,"2":2,"3":3,"4":3,"5":1,"6":2,"7":2,"8":2,"9":2},"f":{"0":4,"1":2,"2":3,"3":2},"b":{"0":[1,2],"1":[2,1]},"meta":{"lastBranch":2,"lastFunction":4,"lastStatement":10,"seen":{"s:5:25:5:Infinity":0,"f:8:22:8:70":0,"s:9:2:9:Infinity":1,"f:13:22:13:39":1,"s:14:2:14:Infinity":2,"f:18:22:18:74":2,"s:19:17:19:34":3,"b:20:2:20:Infinity:undefined:undefined:undefined:undefined":0,"s:20:2:20:Infinity":4,"s:20:27:20:Infinity":5,"s:22:19:22:43":6,"s:23:17:23:54":7,"f:23:24:23:30":3,"s:23:36:23:54":8,"s:26:2:26:Infinity":9,"b:26:9:26:19:26:19:26:Infinity":1}}}
,"/Users/allison.coleman/Develop/raycast-keyboard-layout/src/lib/storage/boards.ts": {"path":"/Users/allison.coleman/Develop/raycast-keyboard-layout/src/lib/storage/boards.ts","statementMap":{"0":{"start":{"line":4,"column":19},"end":{"line":4,"column":null}},"1":{"start":{"line":8,"column":14},"end":{"line":8,"column":60}},"2":{"start":{"line":9,"column":2},"end":{"line":9,"column":null}},"3":{"start":{"line":9,"column":12},"end":{"line":9,"column":null}},"4":{"start":{"line":10,"column":2},"end":{"line":13,"column":null}},"5":{"start":{"line":11,"column":4},"end":{"line":11,"column":null}},"6":{"start":{"line":13,"column":4},"end":{"line":13,"column":null}},"7":{"start":{"line":19,"column":17},"end":{"line":19,"column":34}},"8":{"start":{"line":20,"column":2},"end":{"line":20,"column":null}},"9":{"start":{"line":21,"column":2},"end":{"line":21,"column":null}},"10":{"start":{"line":26,"column":17},"end":{"line":26,"column":34}},"11":{"start":{"line":27,"column":16},"end":{"line":27,"column":58}},"12":{"start":{"line":27,"column":40},"end":{"line":27,"column":58}},"13":{"start":{"line":28,"column":2},"end":{"line":29,"column":null}},"14":{"start":{"line":29,"column":4},"end":{"line":29,"column":null}},"15":{"start":{"line":31,"column":2},"end":{"line":31,"column":null}},"16":{"start":{"line":32,"column":2},"end":{"line":32,"column":null}},"17":{"start":{"line":37,"column":17},"end":{"line":37,"column":34}},"18":{"start":{"line":38,"column":19},"end":{"line":38,"column":52}},"19":{"start":{"line":38,"column":40},"end":{"line":38,"column":52}},"20":{"start":{"line":39,"column":2},"end":{"line":39,"column":null}},"21":{"start":{"line":44,"column":17},"end":{"line":44,"column":34}},"22":{"start":{"line":45,"column":2},"end":{"line":45,"column":null}},"23":{"start":{"line":45,"column":28},"end":{"line":45,"column":40}}},"fnMap":{"0":{"name":"getBoards","decl":{"start":{"line":7,"column":22},"end":{"line":7,"column":59}},"loc":{"start":{"line":7,"column":59},"end":{"line":13,"column":null}},"line":7},"1":{"name":"saveBoard","decl":{"start":{"line":18,"column":22},"end":{"line":18,"column":32}},"loc":{"start":{"line":18,"column":68},"end":{"line":21,"column":null}},"line":18},"2":{"name":"updateBoard","decl":{"start":{"line":25,"column":22},"end":{"line":25,"column":34}},"loc":{"start":{"line":25,"column":70},"end":{"line":32,"column":null}},"line":25},"3":{"name":"(anonymous_3)","decl":{"start":{"line":27,"column":23},"end":{"line":27,"column":34}},"loc":{"start":{"line":27,"column":40},"end":{"line":27,"column":58}},"line":27},"4":{"name":"deleteBoard","decl":{"start":{"line":36,"column":22},"end":{"line":36,"column":34}},"loc":{"start":{"line":36,"column":61},"end":{"line":39,"column":null}},"line":36},"5":{"name":"(anonymous_5)","decl":{"start":{"line":38,"column":26},"end":{"line":38,"column":34}},"loc":{"start":{"line":38,"column":40},"end":{"line":38,"column":52}},"line":38},"6":{"name":"getBoard","decl":{"start":{"line":43,"column":22},"end":{"line":43,"column":31}},"loc":{"start":{"line":43,"column":78},"end":{"line":45,"column":null}},"line":43},"7":{"name":"(anonymous_7)","decl":{"start":{"line":45,"column":16},"end":{"line":45,"column":22}},"loc":{"start":{"line":45,"column":28},"end":{"line":45,"column":40}},"line":45}},"branchMap":{"0":{"loc":{"start":{"line":9,"column":2},"end":{"line":9,"column":null}},"type":"if","locations":[{"start":{"line":9,"column":2},"end":{"line":9,"column":null}},{"start":{},"end":{}}],"line":9},"1":{"loc":{"start":{"line":28,"column":2},"end":{"line":29,"column":null}},"type":"if","locations":[{"start":{"line":28,"column":2},"end":{"line":29,"column":null}},{"start":{},"end":{}}],"line":28}},"s":{"0":2,"1":21,"2":21,"3":11,"4":10,"5":10,"6":0,"7":8,"8":8,"9":8,"10":2,"11":2,"12":1,"13":2,"14":1,"15":1,"16":1,"17":1,"18":1,"19":1,"20":1,"21":3,"22":3,"23":2},"f":{"0":21,"1":8,"2":2,"3":1,"4":1,"5":1,"6":3,"7":2},"b":{"0":[11,10],"1":[1,1]},"meta":{"lastBranch":2,"lastFunction":8,"lastStatement":24,"seen":{"s:4:19:4:Infinity":0,"f:7:22:7:59":0,"s:8:14:8:60":1,"b:9:2:9:Infinity:undefined:undefined:undefined:undefined":0,"s:9:2:9:Infinity":2,"s:9:12:9:Infinity":3,"s:10:2:13:Infinity":4,"s:11:4:11:Infinity":5,"s:13:4:13:Infinity":6,"f:18:22:18:32":1,"s:19:17:19:34":7,"s:20:2:20:Infinity":8,"s:21:2:21:Infinity":9,"f:25:22:25:34":2,"s:26:17:26:34":10,"s:27:16:27:58":11,"f:27:23:27:34":3,"s:27:40:27:58":12,"b:28:2:29:Infinity:undefined:undefined:undefined:undefined":1,"s:28:2:29:Infinity":13,"s:29:4:29:Infinity":14,"s:31:2:31:Infinity":15,"s:32:2:32:Infinity":16,"f:36:22:36:34":4,"s:37:17:37:34":17,"s:38:19:38:52":18,"f:38:26:38:34":5,"s:38:40:38:52":19,"s:39:2:39:Infinity":20,"f:43:22:43:31":6,"s:44:17:44:34":21,"s:45:2:45:Infinity":22,"f:45:16:45:22":7,"s:45:28:45:40":23}}}
,"/Users/allison.coleman/Develop/raycast-keyboard-layout/src/lib/svg/colors.ts": {"path":"/Users/allison.coleman/Develop/raycast-keyboard-layout/src/lib/svg/colors.ts","statementMap":{"0":{"start":{"line":31,"column":36},"end":{"line":54,"column":null}},"1":{"start":{"line":57,"column":38},"end":{"line":80,"column":null}},"2":{"start":{"line":83,"column":33},"end":{"line":106,"column":null}},"3":{"start":{"line":109,"column":32},"end":{"line":132,"column":null}},"4":{"start":{"line":135,"column":38},"end":{"line":158,"column":null}},"5":{"start":{"line":161,"column":37},"end":{"line":184,"column":null}},"6":{"start":{"line":187,"column":42},"end":{"line":210,"column":null}},"7":{"start":{"line":213,"column":41},"end":{"line":236,"column":null}},"8":{"start":{"line":255,"column":41},"end":{"line":287,"column":null}},"9":{"start":{"line":290,"column":2},"end":{"line":290,"column":null}},"10":{"start":{"line":290,"column":28},"end":{"line":290,"column":45}},"11":{"start":{"line":298,"column":2},"end":{"line":318,"column":null}},"12":{"start":{"line":300,"column":6},"end":{"line":300,"column":null}},"13":{"start":{"line":302,"column":6},"end":{"line":302,"column":null}},"14":{"start":{"line":304,"column":6},"end":{"line":304,"column":null}},"15":{"start":{"line":306,"column":6},"end":{"line":306,"column":null}},"16":{"start":{"line":308,"column":6},"end":{"line":308,"column":null}},"17":{"start":{"line":310,"column":6},"end":{"line":310,"column":null}},"18":{"start":{"line":312,"column":6},"end":{"line":312,"column":null}},"19":{"start":{"line":314,"column":6},"end":{"line":314,"column":null}},"20":{"start":{"line":316,"column":6},"end":{"line":316,"column":null}},"21":{"start":{"line":318,"column":6},"end":{"line":318,"column":null}},"22":{"start":{"line":326,"column":16},"end":{"line":326,"column":33}},"23":{"start":{"line":327,"column":2},"end":{"line":327,"column":null}}},"fnMap":{"0":{"name":"getTheme","decl":{"start":{"line":289,"column":16},"end":{"line":289,"column":25}},"loc":{"start":{"line":289,"column":60},"end":{"line":290,"column":null}},"line":289},"1":{"name":"(anonymous_1)","decl":{"start":{"line":290,"column":16},"end":{"line":290,"column":22}},"loc":{"start":{"line":290,"column":28},"end":{"line":290,"column":45}},"line":290},"2":{"name":"getCategoryColor","decl":{"start":{"line":294,"column":16},"end":{"line":294,"column":null}},"loc":{"start":{"line":297,"column":10},"end":{"line":318,"column":null}},"line":297},"3":{"name":"getPalette","decl":{"start":{"line":322,"column":16},"end":{"line":322,"column":null}},"loc":{"start":{"line":325,"column":16},"end":{"line":327,"column":null}},"line":325}},"branchMap":{"0":{"loc":{"start":{"line":290,"column":9},"end":{"line":290,"column":null}},"type":"binary-expr","locations":[{"start":{"line":290,"column":9},"end":{"line":290,"column":45}},{"start":{"line":290,"column":49},"end":{"line":290,"column":null}}],"line":290},"1":{"loc":{"start":{"line":298,"column":2},"end":{"line":318,"column":null}},"type":"switch","locations":[{"start":{"line":299,"column":4},"end":{"line":300,"column":null}},{"start":{"line":301,"column":4},"end":{"line":302,"column":null}},{"start":{"line":303,"column":4},"end":{"line":304,"column":null}},{"start":{"line":305,"column":4},"end":{"line":306,"column":null}},{"start":{"line":307,"column":4},"end":{"line":308,"column":null}},{"start":{"line":309,"column":4},"end":{"line":310,"column":null}},{"start":{"line":311,"column":4},"end":{"line":312,"column":null}},{"start":{"line":313,"column":4},"end":{"line":314,"column":null}},{"start":{"line":315,"column":4},"end":{"line":316,"column":null}},{"start":{"line":317,"column":4},"end":{"line":318,"column":null}}],"line":298},"2":{"loc":{"start":{"line":324,"column":2},"end":{"line":324,"column":null}},"type":"default-arg","locations":[{"start":{"line":324,"column":21},"end":{"line":324,"column":null}}],"line":324},"3":{"loc":{"start":{"line":327,"column":9},"end":{"line":327,"column":null}},"type":"cond-expr","locations":[{"start":{"line":327,"column":33},"end":{"line":327,"column":46}},{"start":{"line":327,"column":46},"end":{"line":327,"column":null}}],"line":327}},"s":{"0":3,"1":3,"2":3,"3":3,"4":3,"5":3,"6":3,"7":3,"8":3,"9":23,"10":48,"11":82,"12":3,"13":6,"14":4,"15":2,"16":2,"17":2,"18":3,"19":3,"20":3,"21":54,"22":21,"23":21},"f":{"0":23,"1":48,"2":82,"3":21},"b":{"0":[23,2],"1":[3,6,4,2,2,2,3,3,3,54],"2":[21],"3":[18,3]},"meta":{"lastBranch":4,"lastFunction":4,"lastStatement":24,"seen":{"s:31:36:54:Infinity":0,"s:57:38:80:Infinity":1,"s:83:33:106:Infinity":2,"s:109:32:132:Infinity":3,"s:135:38:158:Infinity":4,"s:161:37:184:Infinity":5,"s:187:42:210:Infinity":6,"s:213:41:236:Infinity":7,"s:255:41:287:Infinity":8,"f:289:16:289:25":0,"s:290:2:290:Infinity":9,"b:290:9:290:45:290:49:290:Infinity":0,"f:290:16:290:22":1,"s:290:28:290:45":10,"f:294:16:294:Infinity":2,"b:299:4:300:Infinity:301:4:302:Infinity:303:4:304:Infinity:305:4:306:Infinity:307:4:308:Infinity:309:4:310:Infinity:311:4:312:Infinity:313:4:314:Infinity:315:4:316:Infinity:317:4:318:Infinity":1,"s:298:2:318:Infinity":11,"s:300:6:300:Infinity":12,"s:302:6:302:Infinity":13,"s:304:6:304:Infinity":14,"s:306:6:306:Infinity":15,"s:308:6:308:Infinity":16,"s:310:6:310:Infinity":17,"s:312:6:312:Infinity":18,"s:314:6:314:Infinity":19,"s:316:6:316:Infinity":20,"s:318:6:318:Infinity":21,"f:322:16:322:Infinity":3,"b:324:21:324:Infinity":2,"s:326:16:326:33":22,"s:327:2:327:Infinity":23,"b:327:33:327:46:327:46:327:Infinity":3}}}
[...]
"start":{"line":401,"column":4},"end":{"line":401,"column":null}},"75":{"start":{"line":405,"column":2},"end":{"line":406,"column":null}},"76":{"start":{"line":406,"column":4},"end":{"line":406,"column":null}},"77":{"start":{"line":410,"column":19},"end":{"line":410,"column":null}},"78":{"start":{"line":411,"column":2},"end":{"line":411,"column":null}},"79":{"start":{"line":411,"column":16},"end":{"line":411,"column":null}},"80":{"start":{"line":414,"column":2},"end":{"line":414,"column":null}}},"fnMap":{"0":{"name":"decodeMods","decl":{"start":{"line":261,"column":9},"end":{"line":261,"column":20}},"loc":{"start":{"line":261,"column":42},"end":{"line":283,"column":null}},"line":261},"1":{"name":"basicToStr","decl":{"start":{"line":286,"column":9},"end":{"line":286,"column":20}},"loc":{"start":{"line":286,"column":43},"end":{"line":287,"column":null}},"line":286},"2":{"name":"numericKeycodeToString","decl":{"start":{"line":292,"column":16},"end":{"line":292,"column":39}},"loc":{"start":{"line":292,"column":64},"end":{"line":414,"column":null}},"line":292}},"branchMap":{"0":{"loc":{"start":{"line":274,"column":2},"end":{"line":274,"column":null}},"type":"if","locations":[{"start":{"line":274,"column":2},"end":{"line":274,"column":null}},{"start":{},"end":{}}],"line":274},"1":{"loc":{"start":{"line":279,"column":2},"end":{"line":279,"column":null}},"type":"if","locations":[{"start":{"line":279,"column":2},"end":{"line":279,"column":null}},{"start":{},"end":{}}],"line":279},"2":{"loc":{"start":{"line":279,"column":34},"end":{"line":279,"column":59}},"type":"cond-expr","locations":[{"start":{"line":279,"column":44},"end":{"line":279,"column":53}},{"start":{"line":279,"column":53},"end":{"line":279,"column":59}}],"line":279},"3":{"loc":{"start":{"line":280,"column":2},"end":{"line":280,"column":null}},"type":"if","locations":[{"start":{"line":280,"column":2},"end":{"line":280,"column":null}},{"start":{},"end":{}}],"line":280},"4":{"loc":{"start":{"line":280,"column":34},"end":{"line":280,"column":59}},"type":"cond-expr","locations":[{"start":{"line":280,"column":44},"end":{"line":280,"column":53}},{"start":{"line":280,"column":53},"end":{"line":280,"column":59}}],"line":280},"5":{"loc":{"start":{"line":281,"column":2},"end":{"line":281,"column":null}},"type":"if","locations":[{"start":{"line":281,"column":2},"end":{"line":281,"column":null}},{"start":{},"end":{}}],"line":281},"6":{"loc":{"start":{"line":281,"column":34},"end":{"line":281,"column":63}},"type":"cond-expr","locations":[{"start":{"line":281,"column":44},"end":{"line":281,"column":55}},{"start":{"line":281,"column":55},"end":{"line":281,"column":63}}],"line":281},"7":{"loc":{"start":{"line":282,"column":2},"end":{"line":282,"column":null}},"type":"if","locations":[{"start":{"line":282,"column":2},"end":{"line":282,"column":null}},{"start":{},"end":{}}],"line":282},"8":{"loc":{"start":{"line":282,"column":34},"end":{"line":282,"column":61}},"type":"cond-expr","locations":[{"start":{"line":282,"column":44},"end":{"line":282,"column":54}},{"start":{"line":282,"column":54},"end":{"line":282,"column":61}}],"line":282},"9":{"loc":{"start":{"line":283,"column":9},"end":{"line":283,"column":null}},"type":"binary-expr","locations":[{"start":{"line":283,"column":9},"end":{"line":283,"column":24}},{"start":{"line":283,"column":28},"end":{"line":283,"column":null}}],"line":283},"10":{"loc":{"start":{"line":287,"column":9},"end":{"line":287,"column":null}},"type":"binary-expr","locations":[{"start":{"line":287,"column":9},"end":{"line":287,"column":34}},{"start":{"line":287,"column":34},"end":{"line":287,"column":null}}],"line":287},"11":{"loc":{"start":{"line":294,"column":2},"end":{"line":294,"column":null}},"type":"if","locations":[{"start":{"line":294,"column":2},"end":{"line":294,"column":null}},{"start":{},"end":{}}],"line":294},"12":{"loc":{"start":{"line":296,"column":2},"end":{"line":296,"column":null}},"type":"if","locations":[{"start":{"line":296,"column":2},"end":{"line":296,"column":null}},{"start":{},"end":{}}],"line":296},"13":{"loc":{"start":{"line":299,"column":2},"end":{"line":301,"column":null}},"type":"if","locations":[{"start":{"line":299,"column":2},"end":{"line":301,"column":null}},{"start":{},"end":{}}],"line":299},"14":{"loc":{"start":{"line":301,"column":6},"end":{"line":301,"column":null}},"type":"binary-expr","locations":[{"start":{"line":301,"column":6},"end":{"line":301,"column":33}},{"start":{"line":301,"column":33},"end":{"line":301,"column":null}}],"line":301},"15":{"loc":{"start":{"line":306,"column":2},"end":{"line":313,"column":null}},"type":"if","locations":[{"start":{"line":306,"column":2},"end":{"line":313,"column":null}},{"start":{},"end":{}}],"line":306},"16":{"loc":{"start":{"line":306,"column":6},"end":{"line":306,"column":46}},"type":"binary-expr","locations":[{"start":{"line":306,"column":6},"end":{"line":306,"column":27}},{"start":{"line":306,"column":27},"end":{"line":306,"column":46}}],"line":306},"17":{"loc":{"start":{"line":309,"column":4},"end":{"line":311,"column":null}},"type":"if","locations":[{"start":{"line":309,"column":4},"end":{"line":311,"column":null}},{"start":{},"end":{}}],"line":309},"18":{"loc":{"start":{"line":311,"column":6},"end":{"line":311,"column":null}},"type":"if","locations":[{"start":{"line":311,"column":6},"end":{"line":311,"column":null}},{"start":{},"end":{}}],"line":311},"19":{"loc":{"start":{"line":317,"column":2},"end":{"line":320,"column":null}},"type":"if","locations":[{"start":{"line":317,"column":2},"end":{"line":320,"column":null}},{"start":{},"end":{}}],"line":317},"20":{"loc":{"start":{"line":317,"column":6},"end":{"line":317,"column":46}},"type":"binary-expr","locations":[{"start":{"line":317,"column":6},"end":{"line":317,"column":27}},{"start":{"line":317,"column":27},"end":{"line":317,"column":46}}],"line":317},"21":{"loc":{"start":{"line":324,"column":2},"end":{"line":327,"column":null}},"type":"if","locations":[{"start":{"line":324,"column":2},"end":{"line":327,"column":null}},{"start":{},"end":{}}],"line":324},"22":{"loc":{"start":{"line":324,"column":6},"end":{"line":324,"column":46}},"type":"binary-expr","locations":[{"start":{"line":324,"column":6},"end":{"line":324,"column":27}},{"start":{"line":324,"column":27},"end":{"line":324,"column":46}}],"line":324},"23":{"loc":{"start":{"line":331,"column":2},"end":{"line":334,"column":null}},"type":"if","locations":[{"start":{"line":331,"column":2},"end":{"line":334,"column":null}},{"start":{},"end":{}}],"line":331},"24":{"loc":{"start":{"line":331,"column":6},"end":{"line":331,"column":46}},"type":"binary-expr","locations":[{"start":{"line":331,"column":6},"end":{"line":331,"column":27}},{"start":{"line":331,"column":27},"end":{"line":331,"column":46}}],"line":331},"25":{"loc":{"start":{"line":338,"column":2},"end":{"line":339,"column":null}},"type":"if","locations":[{"start":{"line":338,"column":2},"end":{"line":339,"column":null}},{"start":{},"end":{}}],"line":338},"26":{"loc":{"start":{"line":338,"column":6},"end":{"line":338,"column":46}},"type":"binary-expr","locations":[{"start":{"line":338,"column":6},"end":{"line":338,"column":27}},{"start":{"line":338,"column":27},"end":{"line":338,"column":46}}],"line":338},"27":{"loc":{"start":{"line":343,"column":2},"end":{"line":344,"column":null}},"type":"if","locations":[{"start":{"line":343,"column":2},"end":{"line":344,"column":null}},{"start":{},"end":{}}],"line":343},"28":{"loc":{"start":{"line":343,"column":6},"end":{"line":343,"column":46}},"type":"binary-expr","locations":[{"start":{"line":343,"column":6},"end":{"line":343,"column":27}},{"start":{"line":343,"column":27},"end":{"line":343,"column":46}}],"line":343},"29":{"loc":{"start":{"line":348,"column":2},"end":{"line":349,"column":null}},"type":"if","locations":[{"start":{"line":348,"column":2},"end":{"line":349,"column":null}},{"start":{},"end":{}}],"line":348},"30":{"loc":{"start":{"line":348,"column":6},"end":{"line":348,"column":46}},"type":"binary-expr","locations":[{"start":{"line":348,"column":6},"end":{"line":348,"column":27}},{"start":{"line":348,"column":27},"end":{"line":348,"column":46}}],"line":348},"31":{"loc":{"start":{"line":353,"column":2},"end":{"line":354,"column":null}},"type":"if","locations":[{"start":{"line":353,"column":2},"end":{"line":354,"column":null}},{"start":{},"end":{}}],"line":353},"32":{"loc":{"start":{"line":353,"column":6},"end":{"line":353,"column":46}},"type":"binary-expr","locations":[{"start":{"line":353,"column":6},"end":{"line":353,"column":27}},{"start":{"line":353,"column":27},"end":{"line":353,"column":46}}],"line":353},"33":{"loc":{"start":{"line":358,"column":2},"end":{"line":359,"column":null}},"type":"if","locations":[{"start":{"line":358,"column":2},"end":{"line":359,"column":null}},{"start":{},"end":{}}],"line":358},"34":{"loc":{"start":{"line":358,"column":6},"end":{"line":358,"column":46}},"type":"binary-expr","locations":[{"start":{"line":358,"column":6},"end":{"line":358,"column":27}},{"start":{"line":358,"column":27},"end":{"line":358,"column":46}}],"line":358},"35":{"loc":{"start":{"line":363,"column":2},"end":{"line":364,"column":null}},"type":"if","locations":[{"start":{"line":363,"column":2},"end":{"line":364,"column":null}},{"start":{},"end":{}}],"line":363},"36":{"loc":{"start":{"line":363,"column":6},"end":{"line":363,"column":46}},"type":"binary-expr","locations":[{"start":{"line":363,"column":6},"end":{"line":363,"column":27}},{"start":{"line":363,"column":27},"end":{"line":363,"column":46}}],"line":363},"37":{"loc":{"start":{"line":368,"column":2},"end":{"line":369,"column":null}},"type":"if","locations":[{"start":{"line":368,"column":2},"end":{"line":369,"column":null}},{"start":{},"end":{}}],"line":368},"38":{"loc":{"start":{"line":368,"column":6},"end":{"line":368,"column":46}},"type":"binary-expr","locations":[{"start":{"line":368,"column":6},"end":{"line":368,"column":27}},{"start":{"line":368,"column":27},"end":{"line":368,"column":46}}],"line":368},"39":{"loc":{"start":{"line":373,"column":2},"end":{"line":374,"column":null}},"type":"if","locations":[{"start":{"line":373,"column":2},"end":{"line":374,"column":null}},{"start":{},"end":{}}],"line":373},"40":{"loc":{"start":{"line":373,"column":6},"end":{"line":373,"column":46}},"type":"binary-expr","locations":[{"start":{"line":373,"column":6},"end":{"line":373,"column":27}},{"start":{"line":373,"column":27},"end":{"line":373,"column":46}}],"line":373},"41":{"loc":{"start":{"line":378,"column":2},"end":{"line":380,"column":null}},"type":"if","locations":[{"start":{"line":378,"column":2},"end":{"line":380,"column":null}},{"start":{},"end":{}}],"line":378},"42":{"loc":{"start":{"line":378,"column":6},"end":{"line":378,"column":46}},"type":"binary-expr","locations":[{"start":{"line":378,"column":6},"end":{"line":378,"column":27}},{"start":{"line":378,"column":27},"end":{"line":378,"column":46}}],"line":378},"43":{"loc":{"start":{"line":380,"column":11},"end":{"line":380,"column":null}},"type":"cond-expr","locations":[{"start":{"line":380,"column":25},"end":{"line":380,"column":37}},{"start":{"line":380,"column":37},"end":{"line":380,"column":null}}],"line":380},"44":{"loc":{"start":{"line":384,"column":2},"end":{"line":385,"column":null}},"type":"if","locations":[{"start":{"line":384,"column":2},"end":{"line":385,"column":null}},{"start":{},"end":{}}],"line":384},"45":{"loc":{"start":{"line":384,"column":6},"end":{"line":384,"column":46}},"type":"binary-expr","locations":[{"start":{"line":384,"column":6},"end":{"line":384,"column":27}},{"start":{"line":384,"column":27},"end":{"line":384,"column":46}}],"line":384},"46":{"loc":{"start":{"line":389,"column":2},"end":{"line":390,"column":null}},"type":"if","locations":[{"start":{"line":389,"column":2},"end":{"line":390,"column":null}},{"start":{},"end":{}}],"line":389},"47":{"loc":{"start":{"line":389,"column":6},"end":{"line":389,"column":46}},"type":"binary-expr","locations":[{"start":{"line":389,"column":6},"end":{"line":389,"column":27}},{"start":{"line":389,"column":27},"end":{"line":389,"column":46}}],"line":389},"48":{"loc":{"start":{"line":394,"column":2},"end":{"line":394,"column":null}},"type":"if","locations":[{"start":{"line":394,"column":2},"end":{"line":394,"column":null}},{"start":{},"end":{}}],"line":394},"49":{"loc":{"start":{"line":397,"column":2},"end":{"line":397,"column":null}},"type":"if","locations":[{"start":{"line":397,"column":2},"end":{"line":397,"column":null}},{"start":{},"end":{}}],"line":397},"50":{"loc":{"start":{"line":400,"column":2},"end":{"line":401,"column":null}},"type":"if","locations":[{"start":{"line":400,"column":2},"end":{"line":401,"column":null}},{"start":{},"end":{}}],"line":400},"51":{"loc":{"start":{"line":400,"column":6},"end":{"line":400,"column":46}},"type":"binary-expr","locations":[{"start":{"line":400,"column":6},"end":{"line":400,"column":27}},{"start":{"line":400,"column":27},"end":{"line":400,"column":46}}],"line":400},"52":{"loc":{"start":{"line":405,"column":2},"end":{"line":406,"column":null}},"type":"if","locations":[{"start":{"line":405,"column":2},"end":{"line":406,"column":null}},{"start":{},"end":{}}],"line":405},"53":{"loc":{"start":{"line":405,"column":6},"end":{"line":405,"column":46}},"type":"binary-expr","locations":[{"start":{"line":405,"column":6},"end":{"line":405,"column":27}},{"start":{"line":405,"column":27},"end":{"line":405,"column":46}}],"line":405},"54":{"loc":{"start":{"line":411,"column":2},"end":{"line":411,"column":null}},"type":"if","locations":[{"start":{"line":411,"column":2},"end":{"line":411,"column":null}},{"start":{},"end":{}}],"line":411}},"s":{"0":1,"1":1,"2":1,"3":1,"4":2,"5":2,"6":2,"7":0,"8":0,"9":0,"10":0,"11":0,"12":0,"13":0,"14":0,"15":0,"16":0,"17":0,"18":0,"19":2,"20":33,"21":1,"22":32,"23":1,"24":31,"25":7,"26":24,"27":2,"28":2,"29":2,"30":2,"31":2,"32":2,"33":0,"34":22,"35":1,"36":1,"37":1,"38":21,"39":1,"40":1,"41":1,"42":20,"43":0,"44":0,"45":0,"46":20,"47":1,"48":19,"49":2,"50":17,"51":1,"52":16,"53":1,"54":15,"55":1,"56":14,"57":1,"58":13,"59":1,"60":12,"61":0,"62":12,"63":0,"64":0,"65":12,"66":1,"67":11,"68":2,"69":9,"70":2,"71":7,"72":2,"73":5,"74":2,"75":3,"76":2,"77":1,"78":1,"79":0,"80":1},"f":{"0":2,"1":2,"2":33},"b":{"0":[2,0],"1":[0,0],"2":[0,0],"3":[0,0],"4":[0,0],"5":[0,0],"6":[0,0],"7":[0,0],"8":[0,0],"9":[0,0],"10":[2,0],"11":[1,32],"12":[1,31],"13":[7,24],"14":[7,0],"15":[2,22],"16":[24,24],"17":[2,0],"18":[2,0],"19":[1,21],"20":[22,22],"21":[1,20],"22":[21,21],"23":[0,20],"24":[20,20],"25":[1,19],"26":[20,20],"27":[2,17],"28":[19,19],"29":[1,16],"30":[17,17],"31":[1,15],"32":[16,16],"33":[1,14],"34":[15,15],"35":[1,13],"36":[14,14],"37":[1,12],"38":[13,13],"39":[0,12],"40":[12,12],"41":[0,12],"42":[12,12],"43":[0,0],"44":[1,11],"45":[12,12],"46":[2,9],"47":[11,11],"48":[2,7],"49":[2,5],"50":[2,3],"51":[5,5],"52":[2,1],"53":[3,3],"54":[0,1]},"meta":{"lastBranch":55,"lastFunction":3,"lastStatement":81,"seen":{"s:34:47:178:Infinity":0,"s:182:48:204:Infinity":1,"s:208:50:243:Infinity":2,"s:247:49:257:Infinity":3,"f:261:9:261:20":0,"s:262:40:273:Infinity":4,"b:274:2:274:Infinity:undefined:undefined:undefined:undefined":0,"s:274:2:274:Infinity":5,"s:274:19:274:Infinity":6,"s:276:26:276:28":7,"s:277:8:277:Infinity":8,"s:278:19:278:Infinity":9,"b:279:2:279:Infinity:undefined:undefined:undefined:undefined":1,"s:279:2:279:Infinity":10,"s:279:23:279:Infinity":11,"b:279:44:279:53:279:53:279:59":2,"b:280:2:280:Infinity:undefined:undefined:undefined:undefined":3,"s:280:2:280:Infinity":12,"s:280:23:280:Infinity":13,"b:280:44:280:53:280:53:280:59":4,"b:281:2:281:Infinity:undefined:undefined:undefined:undefined":5,"s:281:2:281:Infinity":14,"s:281:23:281:Infinity":15,"b:281:44:281:55:281:55:281:63":6,"b:282:2:282:Infinity:undefined:undefined:undefined:undefined":7,"s:282:2:282:Infinity":16,"s:282:23:282:Infinity":17,"b:282:44:282:54:282:54:282:61":8,"s:283:2:283:Infinity":18,"b:283:9:283:24:283:28:283:Infinity":9,"f:286:9:286:20":1,"s:287:2:287:Infinity":19,"b:287:9:287:34:287:34:287:Infinity":10,"f:292:16:292:39":2,"b:294:2:294:Infinity:undefined:undefined:undefined:undefined":11,"s:294:2:294:Infinity":20,"s:294:26:294:Infinity":21,"b:296:2:296:Infinity:undefined:undefined:undefined:undefined":12,"s:296:2:296:Infinity":22,"s:296:26:296:Infinity":23,"b:299:2:301:Infinity:undefined:undefined:undefined:undefined":13,"s:299:2:301:Infinity":24,"s:300:4:301:Infinity":25,"b:301:6:301:33:301:33:301:Infinity":14,"b:306:2:313:Infinity:undefined:undefined:undefined:undefined":15,"s:306:2:313:Infinity":26,"b:306:6:306:27:306:27:306:46":16,"s:307:18:307:Infinity":27,"s:308:18:308:Infinity":28,"b:309:4:311:Infinity:undefined:undefined:undefined:undefined":17,"s:309:4:311:Infinity":29,"s:310:22:310:Infinity":30,"b:311:6:311:Infinity:undefined:undefined:undefined:undefined":18,"s:311:6:311:Infinity":31,"s:311:19:311:Infinity":32,"s:313:4:313:Infinity":33,"b:317:2:320:Infinity:undefined:undefined:undefined:undefined":19,"s:317:2:320:Infinity":34,"b:317:6:317:27:317:27:317:46":20,"s:318:18:318:Infinity":35,"s:319:18:319:Infinity":36,"s:320:4:320:Infinity":37,"b:324:2:327:Infinity:undefined:undefined:undefined:undefined":21,"s:324:2:327:Infinity":38,"b:324:6:324:27:324:27:324:46":22,"s:325:19:325:Infinity":39,"s:326:18:326:Infinity":40,"s:327:4:327:Infinity":41,"b:331:2:334:Infinity:undefined:undefined:undefined:undefined":23,"s:331:2:334:Infinity":42,"b:331:6:331:27:331:27:331:46":24,"s:332:19:332:Infinity":43,"s:333:16:333:Infinity":44,"s:334:4:334:Infinity":45,"b:338:2:339:Infinity:undefined:undefined:undefined:undefined":25,"s:338:2:339:Infinity":46,"b:338:6:338:27:338:27:338:46":26,"s:339:4:339:Infinity":47,"b:343:2:344:Infinity:undefined:undefined:undefined:undefined":27,"s:343:2:344:Infinity":48,"b:343:6:343:27:343:27:343:46":28,"s:344:4:344:Infinity":49,"b:348:2:349:Infinity:undefined:undefined:undefined:undefined":29,"s:348:2:349:Infinity":50,"b:348:6:348:27:348:27:348:46":30,"s:349:4:349:Infinity":51,"b:353:2:354:Infinity:undefined:undefined:undefined:undefined":31,"s:353:2:354:Infinity":52,"b:353:6:353:27:353:27:353:46":32,"s:354:4:354:Infinity":53,"b:358:2:359:Infinity:undefined:undefined:undefined:undefined":33,"s:358:2:359:Infinity":54,"b:358:6:358:27:358:27:358:46":34,"s:359:4:359:Infinity":55,"b:363:2:364:Infinity:undefined:undefined:undefined:undefined":35,"s:363:2:364:Infinity":56,"b:363:6:363:27:363:27:363:46":36,"s:364:4:364:Infinity":57,"b:368:2:369:Infinity:undefined:undefined:undefined:undefined":37,"s:368:2:369:Infinity":58,"b:368:6:368:27:368:27:368:46":38,"s:369:4:369:Infinity":59,"b:373:2:374:Infinity:undefined:undefined:undefined:undefined":39,"s:373:2:374:Infinity":60,"b:373:6:373:27:373:27:373:46":40,"s:374:4:374:Infinity":61,"b:378:2:380:Infinity:undefined:undefined:undefined:undefined":41,"s:378:2:380:Infinity":62,"b:378:6:378:27:378:27:378:46":42,"s:379:18:379:Infinity":63,"s:380:4:380:Infinity":64,"b:380:25:380:37:380:37:380:Infinity":43,"b:384:2:385:Infinity:undefined:undefined:undefined:undefined":44,"s:384:2:385:Infinity":65,"b:384:6:384:27:384:27:384:46":45,"s:385:4:385:Infinity":66,"b:389:2:390:Infinity:undefined:undefined:undefined:undefined":46,"s:389:2:390:Infinity":67,"b:389:6:389:27:389:27:389:46":47,"s:390:4:390:Infinity":68,"b:394:2:394:Infinity:undefined:undefined:undefined:undefined":48,"s:394:2:394:Infinity":69,"s:394:34:394:Infinity":70,"b:397:2:397:Infinity:undefined:undefined:undefined:undefined":49,"s:397:2:397:Infinity":71,"s:397:33:397:Infinity":72,"b:400:2:401:Infinity:undefined:undefined:undefined:undefined":50,"s:400:2:401:Infinity":73,"b:400:6:400:27:400:27:400:46":51,"s:401:4:401:Infinity":74,"b:405:2:406:Infinity:undefined:undefined:undefined:undefined":52,"s:405:2:406:Infinity":75,"b:405:6:405:27:405:27:405:46":53,"s:406:4:406:Infinity":76,"s:410:19:410:Infinity":77,"b:411:2:411:Infinity:undefined:undefined:undefined:undefined":54,"s:411:2:411:Infinity":78,"s:411:16:411:Infinity":79,"s:414:2:414:Infinity":80}}}
}
